<?xml version="1.0" encoding="UTF-8"?>
<coverage generated="1644362889764" clover="3.2.0">
  <project timestamp="1644362889764" name="All files">
    <metrics statements="203" coveredstatements="133" conditionals="101" coveredconditionals="46" methods="78" coveredmethods="48" elements="382" coveredelements="227" complexity="0" loc="203" ncloc="203" packages="26" files="29" classes="29"/>
    <package name="components.atoms.Button">
      <metrics statements="1" coveredstatements="1" conditionals="1" coveredconditionals="1" methods="1" coveredmethods="1"/>
      <file name="Button.tsx" path="C:\Users\felip\Documents\Estudos\Programação\Teste\labs\src\components\atoms\Button\Button.tsx">
        <metrics statements="1" coveredstatements="1" conditionals="1" coveredconditionals="1" methods="1" coveredmethods="1"/>
        <line num="9" count="56" type="stmt"/>
      </file>
    </package>
    <package name="components.atoms.SocialNetworkButton">
      <metrics statements="2" coveredstatements="2" conditionals="0" coveredconditionals="0" methods="1" coveredmethods="1"/>
      <file name="SocialNetworkButton.tsx" path="C:\Users\felip\Documents\Estudos\Programação\Teste\labs\src\components\atoms\SocialNetworkButton\SocialNetworkButton.tsx">
        <metrics statements="2" coveredstatements="2" conditionals="0" coveredconditionals="0" methods="1" coveredmethods="1"/>
        <line num="11" count="5" type="stmt"/>
        <line num="13" count="5" type="stmt"/>
      </file>
    </package>
    <package name="components.atoms.SocialNetworkButton.utils">
      <metrics statements="1" coveredstatements="1" conditionals="0" coveredconditionals="0" methods="0" coveredmethods="0"/>
      <file name="ButtonTypes.tsx" path="C:\Users\felip\Documents\Estudos\Programação\Teste\labs\src\components\atoms\SocialNetworkButton\utils\ButtonTypes.tsx">
        <metrics statements="1" coveredstatements="1" conditionals="0" coveredconditionals="0" methods="0" coveredmethods="0"/>
        <line num="16" count="3" type="stmt"/>
      </file>
    </package>
    <package name="components.atoms.SocialNetworkIcon">
      <metrics statements="2" coveredstatements="2" conditionals="0" coveredconditionals="0" methods="1" coveredmethods="1"/>
      <file name="SocialNetworkIcon.tsx" path="C:\Users\felip\Documents\Estudos\Programação\Teste\labs\src\components\atoms\SocialNetworkIcon\SocialNetworkIcon.tsx">
        <metrics statements="2" coveredstatements="2" conditionals="0" coveredconditionals="0" methods="1" coveredmethods="1"/>
        <line num="10" count="6" type="stmt"/>
        <line num="12" count="6" type="stmt"/>
      </file>
    </package>
    <package name="components.atoms.SocialNetworkIcon.utils">
      <metrics statements="1" coveredstatements="1" conditionals="0" coveredconditionals="0" methods="0" coveredmethods="0"/>
      <file name="IconTypes.tsx" path="C:\Users\felip\Documents\Estudos\Programação\Teste\labs\src\components\atoms\SocialNetworkIcon\utils\IconTypes.tsx">
        <metrics statements="1" coveredstatements="1" conditionals="0" coveredconditionals="0" methods="0" coveredmethods="0"/>
        <line num="16" count="2" type="stmt"/>
      </file>
    </package>
    <package name="components.atoms.StatusLabel">
      <metrics statements="1" coveredstatements="1" conditionals="0" coveredconditionals="0" methods="1" coveredmethods="1"/>
      <file name="StatusLabel.tsx" path="C:\Users\felip\Documents\Estudos\Programação\Teste\labs\src\components\atoms\StatusLabel\StatusLabel.tsx">
        <metrics statements="1" coveredstatements="1" conditionals="0" coveredconditionals="0" methods="1" coveredmethods="1"/>
        <line num="7" count="3" type="stmt"/>
      </file>
    </package>
    <package name="components.molecules.Card">
      <metrics statements="1" coveredstatements="1" conditionals="0" coveredconditionals="0" methods="1" coveredmethods="1"/>
      <file name="Card.tsx" path="C:\Users\felip\Documents\Estudos\Programação\Teste\labs\src\components\molecules\Card\Card.tsx">
        <metrics statements="1" coveredstatements="1" conditionals="0" coveredconditionals="0" methods="1" coveredmethods="1"/>
        <line num="7" count="11" type="stmt"/>
      </file>
    </package>
    <package name="components.molecules.InstagramPreview">
      <metrics statements="4" coveredstatements="4" conditionals="4" coveredconditionals="3" methods="2" coveredmethods="2"/>
      <file name="InstagramPreview.tsx" path="C:\Users\felip\Documents\Estudos\Programação\Teste\labs\src\components\molecules\InstagramPreview\InstagramPreview.tsx">
        <metrics statements="4" coveredstatements="4" conditionals="4" coveredconditionals="3" methods="2" coveredmethods="2"/>
        <line num="18" count="6" type="stmt"/>
        <line num="20" count="6" type="stmt"/>
        <line num="21" count="6" type="cond" truecount="2" falsecount="0"/>
        <line num="24" count="6" type="stmt"/>
      </file>
    </package>
    <package name="components.molecules.LinkedinPreview">
      <metrics statements="4" coveredstatements="4" conditionals="9" coveredconditionals="6" methods="2" coveredmethods="2"/>
      <file name="LinkedinPreview.tsx" path="C:\Users\felip\Documents\Estudos\Programação\Teste\labs\src\components\molecules\LinkedinPreview\LinkedinPreview.tsx">
        <metrics statements="4" coveredstatements="4" conditionals="9" coveredconditionals="6" methods="2" coveredmethods="2"/>
        <line num="20" count="7" type="stmt"/>
        <line num="22" count="7" type="stmt"/>
        <line num="23" count="7" type="cond" truecount="2" falsecount="0"/>
        <line num="26" count="7" type="stmt"/>
      </file>
    </package>
    <package name="components.molecules.PostPreviewForecast">
      <metrics statements="2" coveredstatements="2" conditionals="2" coveredconditionals="1" methods="1" coveredmethods="1"/>
      <file name="PostPreviewForecast.tsx" path="C:\Users\felip\Documents\Estudos\Programação\Teste\labs\src\components\molecules\PostPreviewForecast\PostPreviewForecast.tsx">
        <metrics statements="2" coveredstatements="2" conditionals="2" coveredconditionals="1" methods="1" coveredmethods="1"/>
        <line num="11" count="6" type="stmt"/>
        <line num="13" count="6" type="cond" truecount="1" falsecount="1"/>
      </file>
    </package>
    <package name="components.molecules.PostPreviewForecast.utils">
      <metrics statements="1" coveredstatements="1" conditionals="0" coveredconditionals="0" methods="0" coveredmethods="0"/>
      <file name="PostPreviewItems.tsx" path="C:\Users\felip\Documents\Estudos\Programação\Teste\labs\src\components\molecules\PostPreviewForecast\utils\PostPreviewItems.tsx">
        <metrics statements="1" coveredstatements="1" conditionals="0" coveredconditionals="0" methods="0" coveredmethods="0"/>
        <line num="6" count="4" type="stmt"/>
      </file>
    </package>
    <package name="components.molecules.SuccessScheduleModal">
      <metrics statements="2" coveredstatements="2" conditionals="0" coveredconditionals="0" methods="1" coveredmethods="1"/>
      <file name="SuccessScheduleModal.tsx" path="C:\Users\felip\Documents\Estudos\Programação\Teste\labs\src\components\molecules\SuccessScheduleModal\SuccessScheduleModal.tsx">
        <metrics statements="2" coveredstatements="2" conditionals="0" coveredconditionals="0" methods="1" coveredmethods="1"/>
        <line num="10" count="1" type="stmt"/>
        <line num="15" count="2" type="stmt"/>
      </file>
    </package>
    <package name="components.molecules.UserBox">
      <metrics statements="1" coveredstatements="1" conditionals="2" coveredconditionals="2" methods="1" coveredmethods="1"/>
      <file name="UserBox.tsx" path="C:\Users\felip\Documents\Estudos\Programação\Teste\labs\src\components\molecules\UserBox\UserBox.tsx">
        <metrics statements="1" coveredstatements="1" conditionals="2" coveredconditionals="2" methods="1" coveredmethods="1"/>
        <line num="9" count="4" type="stmt"/>
      </file>
    </package>
    <package name="components.organisms.AddScheduleFooter">
      <metrics statements="10" coveredstatements="9" conditionals="12" coveredconditionals="8" methods="3" coveredmethods="3"/>
      <file name="AddScheduleFooter.tsx" path="C:\Users\felip\Documents\Estudos\Programação\Teste\labs\src\components\organisms\AddScheduleFooter\AddScheduleFooter.tsx">
        <metrics statements="10" coveredstatements="9" conditionals="12" coveredconditionals="8" methods="3" coveredmethods="3"/>
        <line num="11" count="11" type="stmt"/>
        <line num="13" count="11" type="stmt"/>
        <line num="14" count="6" type="cond" truecount="6" falsecount="0"/>
        <line num="19" count="5" type="stmt"/>
        <line num="21" count="5" type="stmt"/>
        <line num="24" count="1" type="cond" truecount="2" falsecount="4"/>
        <line num="29" count="0" type="stmt"/>
        <line num="33" count="11" type="stmt"/>
        <line num="34" count="6" type="stmt"/>
        <line num="37" count="11" type="stmt"/>
      </file>
    </package>
    <package name="components.organisms.Header">
      <metrics statements="1" coveredstatements="1" conditionals="0" coveredconditionals="0" methods="1" coveredmethods="1"/>
      <file name="Header.tsx" path="C:\Users\felip\Documents\Estudos\Programação\Teste\labs\src\components\organisms\Header\Header.tsx">
        <metrics statements="1" coveredstatements="1" conditionals="0" coveredconditionals="0" methods="1" coveredmethods="1"/>
        <line num="8" count="2" type="stmt"/>
      </file>
    </package>
    <package name="components.organisms.ImageUpload">
      <metrics statements="29" coveredstatements="26" conditionals="16" coveredconditionals="10" methods="10" coveredmethods="6"/>
      <file name="ImageUpload.tsx" path="C:\Users\felip\Documents\Estudos\Programação\Teste\labs\src\components\organisms\ImageUpload\ImageUpload.tsx">
        <metrics statements="29" coveredstatements="26" conditionals="16" coveredconditionals="10" methods="10" coveredmethods="6"/>
        <line num="15" count="16" type="stmt"/>
        <line num="17" count="16" type="stmt"/>
        <line num="19" count="16" type="stmt"/>
        <line num="20" count="0" type="cond" truecount="0" falsecount="4"/>
        <line num="21" count="0" type="stmt"/>
        <line num="25" count="16" type="stmt"/>
        <line num="26" count="4" type="stmt"/>
        <line num="28" count="4" type="cond" truecount="3" falsecount="1"/>
        <line num="29" count="4" type="stmt"/>
        <line num="33" count="16" type="stmt"/>
        <line num="34" count="2" type="stmt"/>
        <line num="36" count="2" type="stmt"/>
        <line num="38" count="2" type="cond" truecount="1" falsecount="1"/>
        <line num="39" count="2" type="stmt"/>
        <line num="43" count="16" type="stmt"/>
        <line num="44" count="2" type="stmt"/>
        <line num="47" count="16" type="stmt"/>
        <line num="48" count="0" type="stmt"/>
        <line num="51" count="16" type="stmt"/>
        <line num="52" count="16" type="stmt"/>
        <line num="53" count="16" type="stmt"/>
        <line num="55" count="16" type="stmt"/>
        <line num="56" count="16" type="cond" truecount="2" falsecount="0"/>
        <line num="57" count="6" type="stmt"/>
        <line num="63" count="6" type="stmt"/>
        <line num="66" count="10" type="stmt"/>
        <line num="73" count="16" type="stmt"/>
        <line num="74" count="16" type="stmt"/>
        <line num="77" count="16" type="stmt"/>
      </file>
    </package>
    <package name="components.organisms.NewScheduleForm">
      <metrics statements="1" coveredstatements="1" conditionals="0" coveredconditionals="0" methods="1" coveredmethods="1"/>
      <file name="NewScheduleForm.tsx" path="C:\Users\felip\Documents\Estudos\Programação\Teste\labs\src\components\organisms\NewScheduleForm\NewScheduleForm.tsx">
        <metrics statements="1" coveredstatements="1" conditionals="0" coveredconditionals="0" methods="1" coveredmethods="1"/>
        <line num="15" count="1" type="stmt"/>
      </file>
    </package>
    <package name="components.organisms.PostDate">
      <metrics statements="4" coveredstatements="4" conditionals="0" coveredconditionals="0" methods="3" coveredmethods="2"/>
      <file name="PostDate.tsx" path="C:\Users\felip\Documents\Estudos\Programação\Teste\labs\src\components\organisms\PostDate\PostDate.tsx">
        <metrics statements="4" coveredstatements="4" conditionals="0" coveredconditionals="0" methods="3" coveredmethods="2"/>
        <line num="8" count="6" type="stmt"/>
        <line num="9" count="2" type="stmt"/>
        <line num="11" count="2" type="stmt"/>
        <line num="17" count="6" type="stmt"/>
      </file>
    </package>
    <package name="components.organisms.PostPreview">
      <metrics statements="16" coveredstatements="7" conditionals="10" coveredconditionals="3" methods="5" coveredmethods="3"/>
      <file name="PostPreview.tsx" path="C:\Users\felip\Documents\Estudos\Programação\Teste\labs\src\components\organisms\PostPreview\PostPreview.tsx">
        <metrics statements="16" coveredstatements="7" conditionals="10" coveredconditionals="3" methods="5" coveredmethods="3"/>
        <line num="18" count="3" type="stmt"/>
        <line num="20" count="3" type="stmt"/>
        <line num="21" count="3" type="stmt"/>
        <line num="22" count="3" type="stmt"/>
        <line num="23" count="0" type="cond" truecount="0" falsecount="2"/>
        <line num="25" count="0" type="stmt"/>
        <line num="27" count="0" type="cond" truecount="0" falsecount="2"/>
        <line num="31" count="3" type="stmt"/>
        <line num="32" count="3" type="stmt"/>
        <line num="34" count="3" type="stmt"/>
        <line num="39" count="0" type="stmt"/>
        <line num="40" count="0" type="stmt"/>
        <line num="43" count="0" type="cond" truecount="0" falsecount="2"/>
        <line num="44" count="0" type="stmt"/>
        <line num="47" count="0" type="stmt"/>
        <line num="49" count="0" type="stmt"/>
      </file>
    </package>
    <package name="components.organisms.PostSocialNetwork">
      <metrics statements="25" coveredstatements="8" conditionals="8" coveredconditionals="1" methods="10" coveredmethods="3"/>
      <file name="PostSocialNetwork.tsx" path="C:\Users\felip\Documents\Estudos\Programação\Teste\labs\src\components\organisms\PostSocialNetwork\PostSocialNetwork.tsx">
        <metrics statements="25" coveredstatements="8" conditionals="8" coveredconditionals="1" methods="10" coveredmethods="3"/>
        <line num="15" count="2" type="stmt"/>
        <line num="17" count="2" type="stmt"/>
        <line num="18" count="0" type="stmt"/>
        <line num="20" count="0" type="stmt"/>
        <line num="22" count="0" type="stmt"/>
        <line num="24" count="0" type="stmt"/>
        <line num="25" count="0" type="stmt"/>
        <line num="27" count="0" type="cond" truecount="0" falsecount="2"/>
        <line num="28" count="0" type="stmt"/>
        <line num="29" count="0" type="stmt"/>
        <line num="31" count="0" type="stmt"/>
        <line num="33" count="0" type="stmt"/>
        <line num="36" count="0" type="stmt"/>
        <line num="41" count="0" type="stmt"/>
        <line num="45" count="2" type="stmt"/>
        <line num="46" count="2" type="stmt"/>
        <line num="47" count="2" type="stmt"/>
        <line num="48" count="0" type="cond" truecount="0" falsecount="2"/>
        <line num="53" count="0" type="stmt"/>
        <line num="55" count="0" type="cond" truecount="0" falsecount="2"/>
        <line num="59" count="2" type="stmt"/>
        <line num="60" count="2" type="stmt"/>
        <line num="63" count="2" type="stmt"/>
        <line num="67" count="0" type="stmt"/>
        <line num="72" count="0" type="stmt"/>
      </file>
    </package>
    <package name="components.organisms.PostText">
      <metrics statements="22" coveredstatements="11" conditionals="8" coveredconditionals="1" methods="8" coveredmethods="2"/>
      <file name="PostText.tsx" path="C:\Users\felip\Documents\Estudos\Programação\Teste\labs\src\components\organisms\PostText\PostText.tsx">
        <metrics statements="22" coveredstatements="11" conditionals="8" coveredconditionals="1" methods="8" coveredmethods="2"/>
        <line num="16" count="4" type="stmt"/>
        <line num="17" count="4" type="stmt"/>
        <line num="19" count="4" type="stmt"/>
        <line num="20" count="4" type="stmt"/>
        <line num="22" count="4" type="stmt"/>
        <line num="23" count="0" type="stmt"/>
        <line num="26" count="4" type="stmt"/>
        <line num="27" count="0" type="cond" truecount="0" falsecount="4"/>
        <line num="28" count="0" type="stmt"/>
        <line num="29" count="0" type="stmt"/>
        <line num="31" count="0" type="cond" truecount="0" falsecount="2"/>
        <line num="32" count="0" type="stmt"/>
        <line num="34" count="0" type="stmt"/>
        <line num="36" count="0" type="stmt"/>
        <line num="39" count="0" type="stmt"/>
        <line num="41" count="0" type="stmt"/>
        <line num="43" count="0" type="stmt"/>
        <line num="50" count="4" type="stmt"/>
        <line num="51" count="1" type="stmt"/>
        <line num="53" count="1" type="stmt"/>
        <line num="59" count="4" type="stmt"/>
        <line num="61" count="4" type="stmt"/>
      </file>
    </package>
    <package name="components.organisms.PostText.utils">
      <metrics statements="2" coveredstatements="2" conditionals="0" coveredconditionals="0" methods="0" coveredmethods="0"/>
      <file name="PickerGroupNames.ts" path="C:\Users\felip\Documents\Estudos\Programação\Teste\labs\src\components\organisms\PostText\utils\PickerGroupNames.ts">
        <metrics statements="1" coveredstatements="1" conditionals="0" coveredconditionals="0" methods="0" coveredmethods="0"/>
        <line num="1" count="2" type="stmt"/>
      </file>
      <file name="PickerStyle.ts" path="C:\Users\felip\Documents\Estudos\Programação\Teste\labs\src\components\organisms\PostText\utils\PickerStyle.ts">
        <metrics statements="1" coveredstatements="1" conditionals="0" coveredconditionals="0" methods="0" coveredmethods="0"/>
        <line num="1" count="2" type="stmt"/>
      </file>
    </package>
    <package name="components.organisms.SchedulePreviewModal">
      <metrics statements="17" coveredstatements="8" conditionals="9" coveredconditionals="2" methods="5" coveredmethods="3"/>
      <file name="SchedulePreviewModal.tsx" path="C:\Users\felip\Documents\Estudos\Programação\Teste\labs\src\components\organisms\SchedulePreviewModal\SchedulePreviewModal.tsx">
        <metrics statements="17" coveredstatements="8" conditionals="9" coveredconditionals="2" methods="5" coveredmethods="3"/>
        <line num="13" count="1" type="stmt"/>
        <line num="18" count="1" type="stmt"/>
        <line num="20" count="1" type="stmt"/>
        <line num="21" count="1" type="stmt"/>
        <line num="22" count="1" type="stmt"/>
        <line num="23" count="0" type="cond" truecount="0" falsecount="2"/>
        <line num="25" count="0" type="stmt"/>
        <line num="27" count="0" type="cond" truecount="0" falsecount="2"/>
        <line num="31" count="1" type="stmt"/>
        <line num="32" count="1" type="stmt"/>
        <line num="34" count="1" type="stmt"/>
        <line num="38" count="0" type="stmt"/>
        <line num="39" count="0" type="stmt"/>
        <line num="42" count="0" type="cond" truecount="0" falsecount="2"/>
        <line num="43" count="0" type="stmt"/>
        <line num="46" count="0" type="stmt"/>
        <line num="48" count="0" type="stmt"/>
      </file>
    </package>
    <package name="components.organisms.SchedulesTable">
      <metrics statements="28" coveredstatements="14" conditionals="18" coveredconditionals="7" methods="11" coveredmethods="5"/>
      <file name="SchedulesTable.tsx" path="C:\Users\felip\Documents\Estudos\Programação\Teste\labs\src\components\organisms\SchedulesTable\SchedulesTable.tsx">
        <metrics statements="28" coveredstatements="14" conditionals="18" coveredconditionals="7" methods="11" coveredmethods="5"/>
        <line num="21" count="4" type="stmt"/>
        <line num="24" count="4" type="stmt"/>
        <line num="25" count="4" type="stmt"/>
        <line num="27" count="4" type="stmt"/>
        <line num="28" count="4" type="stmt"/>
        <line num="29" count="4" type="stmt"/>
        <line num="30" count="0" type="cond" truecount="0" falsecount="2"/>
        <line num="32" count="0" type="stmt"/>
        <line num="34" count="0" type="stmt"/>
        <line num="35" count="0" type="stmt"/>
        <line num="37" count="0" type="stmt"/>
        <line num="40" count="0" type="stmt"/>
        <line num="41" count="0" type="stmt"/>
        <line num="44" count="0" type="cond" truecount="0" falsecount="2"/>
        <line num="48" count="4" type="stmt"/>
        <line num="49" count="4" type="stmt"/>
        <line num="50" count="4" type="stmt"/>
        <line num="51" count="0" type="cond" truecount="0" falsecount="2"/>
        <line num="53" count="0" type="stmt"/>
        <line num="55" count="0" type="cond" truecount="0" falsecount="2"/>
        <line num="59" count="4" type="stmt"/>
        <line num="60" count="4" type="stmt"/>
        <line num="61" count="4" type="stmt"/>
        <line num="64" count="4" type="stmt"/>
        <line num="84" count="4" type="stmt"/>
        <line num="88" count="0" type="stmt"/>
        <line num="90" count="0" type="stmt"/>
        <line num="123" count="0" type="stmt"/>
      </file>
    </package>
    <package name="contexts">
      <metrics statements="14" coveredstatements="8" conditionals="2" coveredconditionals="1" methods="5" coveredmethods="3"/>
      <file name="Post.tsx" path="C:\Users\felip\Documents\Estudos\Programação\Teste\labs\src\contexts\Post.tsx">
        <metrics statements="14" coveredstatements="8" conditionals="2" coveredconditionals="1" methods="5" coveredmethods="3"/>
        <line num="9" count="20" type="stmt"/>
        <line num="14" count="73" type="stmt"/>
        <line num="15" count="73" type="stmt"/>
        <line num="17" count="73" type="cond" truecount="1" falsecount="1"/>
        <line num="18" count="0" type="stmt"/>
        <line num="21" count="73" type="stmt"/>
        <line num="24" count="73" type="stmt"/>
        <line num="25" count="0" type="stmt"/>
        <line num="26" count="0" type="stmt"/>
        <line num="28" count="0" type="stmt"/>
        <line num="30" count="0" type="stmt"/>
        <line num="32" count="0" type="stmt"/>
        <line num="36" count="73" type="stmt"/>
        <line num="41" count="73" type="stmt"/>
      </file>
    </package>
    <package name="utils">
      <metrics statements="11" coveredstatements="11" conditionals="0" coveredconditionals="0" methods="4" coveredmethods="4"/>
      <file name="ensureDateTimePtBr.ts" path="C:\Users\felip\Documents\Estudos\Programação\Teste\labs\src\utils\ensureDateTimePtBr.ts">
        <metrics statements="3" coveredstatements="3" conditionals="0" coveredconditionals="0" methods="1" coveredmethods="1"/>
        <line num="5" count="8" type="stmt"/>
        <line num="7" count="8" type="stmt"/>
        <line num="13" count="8" type="stmt"/>
      </file>
      <file name="ensurePtBrDate.ts" path="C:\Users\felip\Documents\Estudos\Programação\Teste\labs\src\utils\ensurePtBrDate.ts">
        <metrics statements="4" coveredstatements="4" conditionals="0" coveredconditionals="0" methods="1" coveredmethods="1"/>
        <line num="5" count="11" type="stmt"/>
        <line num="6" count="11" type="stmt"/>
        <line num="8" count="11" type="stmt"/>
        <line num="14" count="11" type="stmt"/>
      </file>
      <file name="testUtils.tsx" path="C:\Users\felip\Documents\Estudos\Programação\Teste\labs\src\utils\testUtils.tsx">
        <metrics statements="4" coveredstatements="4" conditionals="0" coveredconditionals="0" methods="2" coveredmethods="2"/>
        <line num="6" count="20" type="stmt"/>
        <line num="7" count="73" type="stmt"/>
        <line num="12" count="20" type="stmt"/>
        <line num="15" count="73" type="stmt"/>
      </file>
    </package>
  </project>
</coverage>
