{"C:\\Users\\felip\\Documents\\Estudos\\Programação\\Teste\\labs\\src\\main.tsx": {"path":"C:\\Users\\felip\\Documents\\Estudos\\Programação\\Teste\\labs\\src\\main.tsx","statementMap":{"0":{"start":{"line":5,"column":0},"end":{"line":8,"column":2}}},"fnMap":{},"branchMap":{},"s":{"0":0},"f":{},"b":{}}
,"C:\\Users\\felip\\Documents\\Estudos\\Programação\\Teste\\labs\\src\\components\\atoms\\Button\\Button.tsx": {"path":"C:\\Users\\felip\\Documents\\Estudos\\Programação\\Teste\\labs\\src\\components\\atoms\\Button\\Button.tsx","statementMap":{"0":{"start":{"line":9,"column":2},"end":{"line":13,"column":4}}},"fnMap":{"0":{"name":"Button","decl":{"start":{"line":4,"column":24},"end":{"line":4,"column":30}},"loc":{"start":{"line":8,"column":17},"end":{"line":14,"column":1}},"line":8}},"branchMap":{"0":{"loc":{"start":{"line":5,"column":2},"end":{"line":5,"column":17}},"type":"default-arg","locations":[{"start":{"line":5,"column":9},"end":{"line":5,"column":17}}],"line":5}},"s":{"0":5},"f":{"0":5},"b":{"0":[5]},"_coverageSchema":"1a1c01bbd47fc00a2c39e90264f33305004495a9","hash":"0b338e1395597e1fe3e0b450c8139c9c30a3b6ec"}
,"C:\\Users\\felip\\Documents\\Estudos\\Programação\\Teste\\labs\\src\\components\\atoms\\SocialNetworkButton\\SocialNetworkButton.tsx": {"path":"C:\\Users\\felip\\Documents\\Estudos\\Programação\\Teste\\labs\\src\\components\\atoms\\SocialNetworkButton\\SocialNetworkButton.tsx","statementMap":{"0":{"start":{"line":11,"column":26},"end":{"line":11,"column":52}},"1":{"start":{"line":13,"column":2},"end":{"line":20,"column":4}}},"fnMap":{"0":{"name":"SocialNetworkButton","decl":{"start":{"line":8,"column":24},"end":{"line":8,"column":43}},"loc":{"start":{"line":10,"column":30},"end":{"line":21,"column":1}},"line":10}},"branchMap":{},"s":{"0":5,"1":5},"f":{"0":5},"b":{},"_coverageSchema":"1a1c01bbd47fc00a2c39e90264f33305004495a9","hash":"e653138cd5c7c195592427b517931ef3b329f9d9"}
,"C:\\Users\\felip\\Documents\\Estudos\\Programação\\Teste\\labs\\src\\components\\atoms\\SocialNetworkButton\\utils\\ButtonTypes.tsx": {"path":"C:\\Users\\felip\\Documents\\Estudos\\Programação\\Teste\\labs\\src\\components\\atoms\\SocialNetworkButton\\utils\\ButtonTypes.tsx","statementMap":{"0":{"start":{"line":16,"column":41},"end":{"line":41,"column":1}}},"fnMap":{},"branchMap":{},"s":{"0":1},"f":{},"b":{},"_coverageSchema":"1a1c01bbd47fc00a2c39e90264f33305004495a9","hash":"097dd7a68d92b2dd147df9b809f202d6998aafb5"}
,"C:\\Users\\felip\\Documents\\Estudos\\Programação\\Teste\\labs\\src\\components\\atoms\\SocialNetworkIcon\\SocialNetworkIcon.tsx": {"path":"C:\\Users\\felip\\Documents\\Estudos\\Programação\\Teste\\labs\\src\\components\\atoms\\SocialNetworkIcon\\SocialNetworkIcon.tsx","statementMap":{"0":{"start":{"line":10,"column":26},"end":{"line":10,"column":50}},"1":{"start":{"line":12,"column":2},"end":{"line":18,"column":4}}},"fnMap":{"0":{"name":"SocialNetworkIcon","decl":{"start":{"line":7,"column":24},"end":{"line":7,"column":41}},"loc":{"start":{"line":9,"column":28},"end":{"line":19,"column":1}},"line":9}},"branchMap":{},"s":{"0":0,"1":0},"f":{"0":0},"b":{}}
,"C:\\Users\\felip\\Documents\\Estudos\\Programação\\Teste\\labs\\src\\components\\atoms\\SocialNetworkIcon\\utils\\IconTypes.tsx": {"path":"C:\\Users\\felip\\Documents\\Estudos\\Programação\\Teste\\labs\\src\\components\\atoms\\SocialNetworkIcon\\utils\\IconTypes.tsx","statementMap":{"0":{"start":{"line":16,"column":37},"end":{"line":41,"column":1}}},"fnMap":{},"branchMap":{},"s":{"0":0},"f":{},"b":{}}
,"C:\\Users\\felip\\Documents\\Estudos\\Programação\\Teste\\labs\\src\\components\\atoms\\StatusLabel\\StatusLabel.tsx": {"path":"C:\\Users\\felip\\Documents\\Estudos\\Programação\\Teste\\labs\\src\\components\\atoms\\StatusLabel\\StatusLabel.tsx","statementMap":{"0":{"start":{"line":7,"column":2},"end":{"line":18,"column":4}}},"fnMap":{"0":{"name":"StatusLabel","decl":{"start":{"line":4,"column":24},"end":{"line":4,"column":35}},"loc":{"start":{"line":6,"column":22},"end":{"line":19,"column":1}},"line":6}},"branchMap":{},"s":{"0":3},"f":{"0":3},"b":{},"_coverageSchema":"1a1c01bbd47fc00a2c39e90264f33305004495a9","hash":"1a509abced977e8f6729eae5fc1dac02fa6ddefb"}
,"C:\\Users\\felip\\Documents\\Estudos\\Programação\\Teste\\labs\\src\\components\\molecules\\Card\\Card.tsx": {"path":"C:\\Users\\felip\\Documents\\Estudos\\Programação\\Teste\\labs\\src\\components\\molecules\\Card\\Card.tsx","statementMap":{"0":{"start":{"line":7,"column":2},"end":{"line":18,"column":4}}},"fnMap":{"0":{"name":"Card","decl":{"start":{"line":4,"column":24},"end":{"line":4,"column":28}},"loc":{"start":{"line":6,"column":15},"end":{"line":19,"column":1}},"line":6}},"branchMap":{},"s":{"0":6},"f":{"0":6},"b":{},"_coverageSchema":"1a1c01bbd47fc00a2c39e90264f33305004495a9","hash":"e60b7048d3dae5c8733e285373119b6d7c62c743"}
,"C:\\Users\\felip\\Documents\\Estudos\\Programação\\Teste\\labs\\src\\components\\molecules\\InstagramPreview\\InstagramPreview.tsx": {"path":"C:\\Users\\felip\\Documents\\Estudos\\Programação\\Teste\\labs\\src\\components\\molecules\\InstagramPreview\\InstagramPreview.tsx","statementMap":{"0":{"start":{"line":18,"column":24},"end":{"line":18,"column":42}},"1":{"start":{"line":20,"column":2},"end":{"line":22,"column":17}},"2":{"start":{"line":21,"column":4},"end":{"line":21,"column":60}},"3":{"start":{"line":24,"column":2},"end":{"line":48,"column":4}}},"fnMap":{"0":{"name":"InstagramPreview","decl":{"start":{"line":15,"column":24},"end":{"line":15,"column":40}},"loc":{"start":{"line":17,"column":27},"end":{"line":49,"column":1}},"line":17},"1":{"name":"(anonymous_1)","decl":{"start":{"line":20,"column":12},"end":{"line":20,"column":13}},"loc":{"start":{"line":20,"column":18},"end":{"line":22,"column":3}},"line":20}},"branchMap":{"0":{"loc":{"start":{"line":21,"column":11},"end":{"line":21,"column":58}},"type":"binary-expr","locations":[{"start":{"line":21,"column":11},"end":{"line":21,"column":29}},{"start":{"line":21,"column":33},"end":{"line":21,"column":58}}],"line":21},"1":{"loc":{"start":{"line":34,"column":7},"end":{"line":40,"column":7}},"type":"binary-expr","locations":[{"start":{"line":34,"column":7},"end":{"line":34,"column":10}},{"start":{"line":35,"column":6},"end":{"line":39,"column":8}}],"line":34}},"s":{"0":0,"1":0,"2":0,"3":0},"f":{"0":0,"1":0},"b":{"0":[0,0],"1":[0,0]}}
,"C:\\Users\\felip\\Documents\\Estudos\\Programação\\Teste\\labs\\src\\components\\molecules\\LinkedinPreview\\LinkedinPreview.tsx": {"path":"C:\\Users\\felip\\Documents\\Estudos\\Programação\\Teste\\labs\\src\\components\\molecules\\LinkedinPreview\\LinkedinPreview.tsx","statementMap":{"0":{"start":{"line":20,"column":24},"end":{"line":20,"column":42}},"1":{"start":{"line":22,"column":2},"end":{"line":24,"column":17}},"2":{"start":{"line":23,"column":4},"end":{"line":23,"column":60}},"3":{"start":{"line":26,"column":2},"end":{"line":61,"column":4}}},"fnMap":{"0":{"name":"LinkedinPreview","decl":{"start":{"line":17,"column":24},"end":{"line":17,"column":39}},"loc":{"start":{"line":19,"column":26},"end":{"line":62,"column":1}},"line":19},"1":{"name":"(anonymous_1)","decl":{"start":{"line":22,"column":12},"end":{"line":22,"column":13}},"loc":{"start":{"line":22,"column":18},"end":{"line":24,"column":3}},"line":22}},"branchMap":{"0":{"loc":{"start":{"line":23,"column":11},"end":{"line":23,"column":58}},"type":"binary-expr","locations":[{"start":{"line":23,"column":11},"end":{"line":23,"column":29}},{"start":{"line":23,"column":33},"end":{"line":23,"column":58}}],"line":23},"1":{"loc":{"start":{"line":37,"column":13},"end":{"line":38,"column":88}},"type":"binary-expr","locations":[{"start":{"line":37,"column":14},"end":{"line":37,"column":39}},{"start":{"line":37,"column":43},"end":{"line":37,"column":69}},{"start":{"line":38,"column":17},"end":{"line":38,"column":88}}],"line":37},"2":{"loc":{"start":{"line":38,"column":32},"end":{"line":38,"column":87}},"type":"binary-expr","locations":[{"start":{"line":38,"column":32},"end":{"line":38,"column":57}},{"start":{"line":38,"column":61},"end":{"line":38,"column":87}}],"line":38},"3":{"loc":{"start":{"line":45,"column":7},"end":{"line":51,"column":7}},"type":"binary-expr","locations":[{"start":{"line":45,"column":7},"end":{"line":45,"column":10}},{"start":{"line":46,"column":8},"end":{"line":50,"column":10}}],"line":45}},"s":{"0":0,"1":0,"2":0,"3":0},"f":{"0":0,"1":0},"b":{"0":[0,0],"1":[0,0,0],"2":[0,0],"3":[0,0]}}
,"C:\\Users\\felip\\Documents\\Estudos\\Programação\\Teste\\labs\\src\\components\\molecules\\ModalPortal\\ModalPortal.tsx": {"path":"C:\\Users\\felip\\Documents\\Estudos\\Programação\\Teste\\labs\\src\\components\\molecules\\ModalPortal\\ModalPortal.tsx","statementMap":{"0":{"start":{"line":12,"column":20},"end":{"line":12,"column":57}},"1":{"start":{"line":14,"column":25},"end":{"line":14,"column":37}},"2":{"start":{"line":16,"column":38},"end":{"line":16,"column":53}},"3":{"start":{"line":18,"column":27},"end":{"line":28,"column":3}},"4":{"start":{"line":19,"column":4},"end":{"line":19,"column":24}},"5":{"start":{"line":21,"column":4},"end":{"line":27,"column":12}},"6":{"start":{"line":22,"column":6},"end":{"line":22,"column":26}},"7":{"start":{"line":24,"column":6},"end":{"line":26,"column":7}},"8":{"start":{"line":25,"column":8},"end":{"line":25,"column":19}},"9":{"start":{"line":30,"column":2},"end":{"line":32,"column":3}},"10":{"start":{"line":31,"column":4},"end":{"line":31,"column":16}},"11":{"start":{"line":34,"column":2},"end":{"line":34,"column":47}},"12":{"start":{"line":36,"column":2},"end":{"line":43,"column":4}}},"fnMap":{"0":{"name":"ModalPortal","decl":{"start":{"line":7,"column":24},"end":{"line":7,"column":35}},"loc":{"start":{"line":11,"column":22},"end":{"line":44,"column":1}},"line":11},"1":{"name":"(anonymous_1)","decl":{"start":{"line":18,"column":27},"end":{"line":18,"column":28}},"loc":{"start":{"line":18,"column":33},"end":{"line":28,"column":3}},"line":18},"2":{"name":"(anonymous_2)","decl":{"start":{"line":21,"column":15},"end":{"line":21,"column":16}},"loc":{"start":{"line":21,"column":21},"end":{"line":27,"column":5}},"line":21}},"branchMap":{"0":{"loc":{"start":{"line":24,"column":6},"end":{"line":26,"column":7}},"type":"if","locations":[{"start":{"line":24,"column":6},"end":{"line":26,"column":7}},{"start":{},"end":{}}],"line":24},"1":{"loc":{"start":{"line":30,"column":2},"end":{"line":32,"column":3}},"type":"if","locations":[{"start":{"line":30,"column":2},"end":{"line":32,"column":3}},{"start":{},"end":{}}],"line":30}},"s":{"0":0,"1":0,"2":0,"3":0,"4":0,"5":0,"6":0,"7":0,"8":0,"9":0,"10":0,"11":0,"12":0},"f":{"0":0,"1":0,"2":0},"b":{"0":[0,0],"1":[0,0]}}
,"C:\\Users\\felip\\Documents\\Estudos\\Programação\\Teste\\labs\\src\\components\\molecules\\PostPreviewForecast\\PostPreviewForecast.tsx": {"path":"C:\\Users\\felip\\Documents\\Estudos\\Programação\\Teste\\labs\\src\\components\\molecules\\PostPreviewForecast\\PostPreviewForecast.tsx","statementMap":{"0":{"start":{"line":11,"column":20},"end":{"line":11,"column":76}},"1":{"start":{"line":13,"column":2},"end":{"line":13,"column":66}}},"fnMap":{"0":{"name":"PostPreviewForecast","decl":{"start":{"line":7,"column":24},"end":{"line":7,"column":43}},"loc":{"start":{"line":10,"column":30},"end":{"line":14,"column":1}},"line":10}},"branchMap":{"0":{"loc":{"start":{"line":13,"column":9},"end":{"line":13,"column":65}},"type":"cond-expr","locations":[{"start":{"line":13,"column":21},"end":{"line":13,"column":58}},{"start":{"line":13,"column":61},"end":{"line":13,"column":65}}],"line":13}},"s":{"0":0,"1":0},"f":{"0":0},"b":{"0":[0,0]}}
,"C:\\Users\\felip\\Documents\\Estudos\\Programação\\Teste\\labs\\src\\components\\molecules\\PostPreviewForecast\\utils\\PostPreviewItems.tsx": {"path":"C:\\Users\\felip\\Documents\\Estudos\\Programação\\Teste\\labs\\src\\components\\molecules\\PostPreviewForecast\\utils\\PostPreviewItems.tsx","statementMap":{"0":{"start":{"line":6,"column":51},"end":{"line":9,"column":1}}},"fnMap":{},"branchMap":{},"s":{"0":0},"f":{},"b":{}}
,"C:\\Users\\felip\\Documents\\Estudos\\Programação\\Teste\\labs\\src\\components\\molecules\\SuccessScheduleModal\\SuccessScheduleModal.tsx": {"path":"C:\\Users\\felip\\Documents\\Estudos\\Programação\\Teste\\labs\\src\\components\\molecules\\SuccessScheduleModal\\SuccessScheduleModal.tsx","statementMap":{"0":{"start":{"line":10,"column":29},"end":{"line":27,"column":2}},"1":{"start":{"line":15,"column":4},"end":{"line":26,"column":16}}},"fnMap":{"0":{"name":"(anonymous_0)","decl":{"start":{"line":12,"column":2},"end":{"line":12,"column":3}},"loc":{"start":{"line":15,"column":4},"end":{"line":26,"column":16}},"line":15}},"branchMap":{},"s":{"0":0,"1":0},"f":{"0":0},"b":{}}
,"C:\\Users\\felip\\Documents\\Estudos\\Programação\\Teste\\labs\\src\\components\\molecules\\UserBox\\UserBox.tsx": {"path":"C:\\Users\\felip\\Documents\\Estudos\\Programação\\Teste\\labs\\src\\components\\molecules\\UserBox\\UserBox.tsx","statementMap":{"0":{"start":{"line":9,"column":2},"end":{"line":22,"column":4}}},"fnMap":{"0":{"name":"UserBox","decl":{"start":{"line":6,"column":24},"end":{"line":6,"column":31}},"loc":{"start":{"line":8,"column":18},"end":{"line":23,"column":1}},"line":8}},"branchMap":{"0":{"loc":{"start":{"line":12,"column":13},"end":{"line":12,"column":37}},"type":"binary-expr","locations":[{"start":{"line":12,"column":13},"end":{"line":12,"column":22}},{"start":{"line":12,"column":26},"end":{"line":12,"column":37}}],"line":12}},"s":{"0":2},"f":{"0":2},"b":{"0":[2,2]},"_coverageSchema":"1a1c01bbd47fc00a2c39e90264f33305004495a9","hash":"acf3bd6469f7b5435c0c51542899faee2f7335b9"}
,"C:\\Users\\felip\\Documents\\Estudos\\Programação\\Teste\\labs\\src\\components\\organisms\\AddScheduleFooter\\AddScheduleFooter.tsx": {"path":"C:\\Users\\felip\\Documents\\Estudos\\Programação\\Teste\\labs\\src\\components\\organisms\\AddScheduleFooter\\AddScheduleFooter.tsx","statementMap":{"0":{"start":{"line":11,"column":44},"end":{"line":11,"column":58}},"1":{"start":{"line":13,"column":29},"end":{"line":35,"column":3}},"2":{"start":{"line":14,"column":4},"end":{"line":24,"column":5}},"3":{"start":{"line":19,"column":6},"end":{"line":19,"column":27}},"4":{"start":{"line":21,"column":6},"end":{"line":21,"column":30}},"5":{"start":{"line":23,"column":6},"end":{"line":23,"column":13}},"6":{"start":{"line":26,"column":4},"end":{"line":34,"column":5}},"7":{"start":{"line":31,"column":6},"end":{"line":31,"column":26}},"8":{"start":{"line":33,"column":6},"end":{"line":33,"column":29}},"9":{"start":{"line":37,"column":2},"end":{"line":39,"column":17}},"10":{"start":{"line":38,"column":4},"end":{"line":38,"column":25}},"11":{"start":{"line":41,"column":2},"end":{"line":66,"column":4}}},"fnMap":{"0":{"name":"AddScheduleNav","decl":{"start":{"line":8,"column":24},"end":{"line":8,"column":38}},"loc":{"start":{"line":10,"column":25},"end":{"line":67,"column":1}},"line":10},"1":{"name":"(anonymous_1)","decl":{"start":{"line":13,"column":29},"end":{"line":13,"column":30}},"loc":{"start":{"line":13,"column":35},"end":{"line":35,"column":3}},"line":13},"2":{"name":"(anonymous_2)","decl":{"start":{"line":37,"column":12},"end":{"line":37,"column":13}},"loc":{"start":{"line":37,"column":18},"end":{"line":39,"column":3}},"line":37}},"branchMap":{"0":{"loc":{"start":{"line":14,"column":4},"end":{"line":24,"column":5}},"type":"if","locations":[{"start":{"line":14,"column":4},"end":{"line":24,"column":5}},{"start":{},"end":{}}],"line":14},"1":{"loc":{"start":{"line":14,"column":8},"end":{"line":17,"column":22}},"type":"binary-expr","locations":[{"start":{"line":14,"column":8},"end":{"line":14,"column":35}},{"start":{"line":15,"column":9},"end":{"line":15,"column":37}},{"start":{"line":16,"column":9},"end":{"line":16,"column":49}},{"start":{"line":17,"column":9},"end":{"line":17,"column":22}}],"line":14},"2":{"loc":{"start":{"line":26,"column":4},"end":{"line":34,"column":5}},"type":"if","locations":[{"start":{"line":26,"column":4},"end":{"line":34,"column":5}},{"start":{},"end":{}}],"line":26},"3":{"loc":{"start":{"line":26,"column":8},"end":{"line":30,"column":5}},"type":"binary-expr","locations":[{"start":{"line":26,"column":8},"end":{"line":26,"column":22}},{"start":{"line":27,"column":6},"end":{"line":27,"column":32}},{"start":{"line":28,"column":9},"end":{"line":28,"column":36}},{"start":{"line":29,"column":9},"end":{"line":29,"column":51}}],"line":26}},"s":{"0":0,"1":0,"2":0,"3":0,"4":0,"5":0,"6":0,"7":0,"8":0,"9":0,"10":0,"11":0},"f":{"0":0,"1":0,"2":0},"b":{"0":[0,0],"1":[0,0,0,0],"2":[0,0],"3":[0,0,0,0]}}
,"C:\\Users\\felip\\Documents\\Estudos\\Programação\\Teste\\labs\\src\\components\\organisms\\Header\\Header.tsx": {"path":"C:\\Users\\felip\\Documents\\Estudos\\Programação\\Teste\\labs\\src\\components\\organisms\\Header\\Header.tsx","statementMap":{"0":{"start":{"line":8,"column":2},"end":{"line":15,"column":4}}},"fnMap":{"0":{"name":"Header","decl":{"start":{"line":7,"column":24},"end":{"line":7,"column":30}},"loc":{"start":{"line":7,"column":33},"end":{"line":16,"column":1}},"line":7}},"branchMap":{},"s":{"0":0},"f":{"0":0},"b":{}}
,"C:\\Users\\felip\\Documents\\Estudos\\Programação\\Teste\\labs\\src\\components\\organisms\\ImageUpload\\ImageUpload.tsx": {"path":"C:\\Users\\felip\\Documents\\Estudos\\Programação\\Teste\\labs\\src\\components\\organisms\\ImageUpload\\ImageUpload.tsx","statementMap":{"0":{"start":{"line":15,"column":20},"end":{"line":15,"column":50}},"1":{"start":{"line":17,"column":42},"end":{"line":17,"column":70}},"2":{"start":{"line":19,"column":28},"end":{"line":23,"column":3}},"3":{"start":{"line":20,"column":4},"end":{"line":22,"column":5}},"4":{"start":{"line":21,"column":6},"end":{"line":21,"column":32}},"5":{"start":{"line":25,"column":28},"end":{"line":31,"column":3}},"6":{"start":{"line":26,"column":22},"end":{"line":26,"column":34}},"7":{"start":{"line":28,"column":4},"end":{"line":30,"column":5}},"8":{"start":{"line":29,"column":6},"end":{"line":29,"column":32}},"9":{"start":{"line":33,"column":17},"end":{"line":41,"column":3}},"10":{"start":{"line":34,"column":4},"end":{"line":34,"column":27}},"11":{"start":{"line":36,"column":22},"end":{"line":36,"column":40}},"12":{"start":{"line":38,"column":4},"end":{"line":40,"column":5}},"13":{"start":{"line":39,"column":6},"end":{"line":39,"column":32}},"14":{"start":{"line":43,"column":28},"end":{"line":45,"column":3}},"15":{"start":{"line":44,"column":4},"end":{"line":44,"column":31}},"16":{"start":{"line":47,"column":33},"end":{"line":49,"column":3}},"17":{"start":{"line":48,"column":4},"end":{"line":48,"column":27}},"18":{"start":{"line":51,"column":21},"end":{"line":51,"column":43}},"19":{"start":{"line":52,"column":22},"end":{"line":52,"column":44}},"20":{"start":{"line":53,"column":22},"end":{"line":53,"column":44}},"21":{"start":{"line":55,"column":24},"end":{"line":71,"column":3}},"22":{"start":{"line":56,"column":4},"end":{"line":64,"column":5}},"23":{"start":{"line":57,"column":6},"end":{"line":61,"column":10}},"24":{"start":{"line":57,"column":34},"end":{"line":61,"column":7}},"25":{"start":{"line":63,"column":6},"end":{"line":63,"column":13}},"26":{"start":{"line":66,"column":4},"end":{"line":70,"column":8}},"27":{"start":{"line":66,"column":32},"end":{"line":70,"column":5}},"28":{"start":{"line":73,"column":2},"end":{"line":75,"column":21}},"29":{"start":{"line":74,"column":4},"end":{"line":74,"column":20}},"30":{"start":{"line":77,"column":2},"end":{"line":120,"column":4}}},"fnMap":{"0":{"name":"ImageUpload","decl":{"start":{"line":12,"column":24},"end":{"line":12,"column":35}},"loc":{"start":{"line":14,"column":22},"end":{"line":121,"column":1}},"line":14},"1":{"name":"(anonymous_1)","decl":{"start":{"line":19,"column":28},"end":{"line":19,"column":29}},"loc":{"start":{"line":19,"column":34},"end":{"line":23,"column":3}},"line":19},"2":{"name":"(anonymous_2)","decl":{"start":{"line":25,"column":28},"end":{"line":25,"column":29}},"loc":{"start":{"line":25,"column":70},"end":{"line":31,"column":3}},"line":25},"3":{"name":"(anonymous_3)","decl":{"start":{"line":33,"column":17},"end":{"line":33,"column":18}},"loc":{"start":{"line":33,"column":55},"end":{"line":41,"column":3}},"line":33},"4":{"name":"(anonymous_4)","decl":{"start":{"line":43,"column":28},"end":{"line":43,"column":29}},"loc":{"start":{"line":43,"column":34},"end":{"line":45,"column":3}},"line":43},"5":{"name":"(anonymous_5)","decl":{"start":{"line":47,"column":33},"end":{"line":47,"column":34}},"loc":{"start":{"line":47,"column":49},"end":{"line":49,"column":3}},"line":47},"6":{"name":"(anonymous_6)","decl":{"start":{"line":55,"column":24},"end":{"line":55,"column":25}},"loc":{"start":{"line":55,"column":30},"end":{"line":71,"column":3}},"line":55},"7":{"name":"(anonymous_7)","decl":{"start":{"line":57,"column":18},"end":{"line":57,"column":19}},"loc":{"start":{"line":57,"column":34},"end":{"line":61,"column":7}},"line":57},"8":{"name":"(anonymous_8)","decl":{"start":{"line":66,"column":16},"end":{"line":66,"column":17}},"loc":{"start":{"line":66,"column":32},"end":{"line":70,"column":5}},"line":66},"9":{"name":"(anonymous_9)","decl":{"start":{"line":73,"column":12},"end":{"line":73,"column":13}},"loc":{"start":{"line":73,"column":18},"end":{"line":75,"column":3}},"line":73}},"branchMap":{"0":{"loc":{"start":{"line":20,"column":4},"end":{"line":22,"column":5}},"type":"if","locations":[{"start":{"line":20,"column":4},"end":{"line":22,"column":5}},{"start":{},"end":{}}],"line":20},"1":{"loc":{"start":{"line":20,"column":8},"end":{"line":20,"column":38}},"type":"binary-expr","locations":[{"start":{"line":20,"column":8},"end":{"line":20,"column":17}},{"start":{"line":20,"column":21},"end":{"line":20,"column":38}}],"line":20},"2":{"loc":{"start":{"line":28,"column":4},"end":{"line":30,"column":5}},"type":"if","locations":[{"start":{"line":28,"column":4},"end":{"line":30,"column":5}},{"start":{},"end":{}}],"line":28},"3":{"loc":{"start":{"line":28,"column":8},"end":{"line":28,"column":33}},"type":"binary-expr","locations":[{"start":{"line":28,"column":8},"end":{"line":28,"column":13}},{"start":{"line":28,"column":17},"end":{"line":28,"column":33}}],"line":28},"4":{"loc":{"start":{"line":38,"column":4},"end":{"line":40,"column":5}},"type":"if","locations":[{"start":{"line":38,"column":4},"end":{"line":40,"column":5}},{"start":{},"end":{}}],"line":38},"5":{"loc":{"start":{"line":56,"column":4},"end":{"line":64,"column":5}},"type":"if","locations":[{"start":{"line":56,"column":4},"end":{"line":64,"column":5}},{"start":{},"end":{}}],"line":56},"6":{"loc":{"start":{"line":84,"column":7},"end":{"line":92,"column":7}},"type":"binary-expr","locations":[{"start":{"line":84,"column":7},"end":{"line":84,"column":19}},{"start":{"line":85,"column":6},"end":{"line":91,"column":15}}],"line":84},"7":{"loc":{"start":{"line":101,"column":9},"end":{"line":103,"column":71}},"type":"cond-expr","locations":[{"start":{"line":102,"column":12},"end":{"line":102,"column":29}},{"start":{"line":103,"column":12},"end":{"line":103,"column":71}}],"line":101}},"s":{"0":0,"1":0,"2":0,"3":0,"4":0,"5":0,"6":0,"7":0,"8":0,"9":0,"10":0,"11":0,"12":0,"13":0,"14":0,"15":0,"16":0,"17":0,"18":0,"19":0,"20":0,"21":0,"22":0,"23":0,"24":0,"25":0,"26":0,"27":0,"28":0,"29":0,"30":0},"f":{"0":0,"1":0,"2":0,"3":0,"4":0,"5":0,"6":0,"7":0,"8":0,"9":0},"b":{"0":[0,0],"1":[0,0],"2":[0,0],"3":[0,0],"4":[0,0],"5":[0,0],"6":[0,0],"7":[0,0]}}
,"C:\\Users\\felip\\Documents\\Estudos\\Programação\\Teste\\labs\\src\\components\\organisms\\NewScheduleForm\\NewScheduleForm.tsx": {"path":"C:\\Users\\felip\\Documents\\Estudos\\Programação\\Teste\\labs\\src\\components\\organisms\\NewScheduleForm\\NewScheduleForm.tsx","statementMap":{"0":{"start":{"line":15,"column":2},"end":{"line":51,"column":4}}},"fnMap":{"0":{"name":"NewScheduleForm","decl":{"start":{"line":12,"column":24},"end":{"line":12,"column":39}},"loc":{"start":{"line":14,"column":25},"end":{"line":52,"column":1}},"line":14}},"branchMap":{},"s":{"0":0},"f":{"0":0},"b":{}}
,"C:\\Users\\felip\\Documents\\Estudos\\Programação\\Teste\\labs\\src\\components\\organisms\\PostDate\\PostDate.tsx": {"path":"C:\\Users\\felip\\Documents\\Estudos\\Programação\\Teste\\labs\\src\\components\\organisms\\PostDate\\PostDate.tsx","statementMap":{"0":{"start":{"line":8,"column":19},"end":{"line":15,"column":3}},"1":{"start":{"line":9,"column":28},"end":{"line":9,"column":40}},"2":{"start":{"line":11,"column":4},"end":{"line":14,"column":8}},"3":{"start":{"line":11,"column":32},"end":{"line":14,"column":5}},"4":{"start":{"line":17,"column":2},"end":{"line":32,"column":4}}},"fnMap":{"0":{"name":"PostDate","decl":{"start":{"line":5,"column":24},"end":{"line":5,"column":32}},"loc":{"start":{"line":7,"column":19},"end":{"line":33,"column":1}},"line":7},"1":{"name":"(anonymous_1)","decl":{"start":{"line":8,"column":19},"end":{"line":8,"column":20}},"loc":{"start":{"line":8,"column":61},"end":{"line":15,"column":3}},"line":8},"2":{"name":"(anonymous_2)","decl":{"start":{"line":11,"column":16},"end":{"line":11,"column":17}},"loc":{"start":{"line":11,"column":32},"end":{"line":14,"column":5}},"line":11}},"branchMap":{},"s":{"0":0,"1":0,"2":0,"3":0,"4":0},"f":{"0":0,"1":0,"2":0},"b":{}}
,"C:\\Users\\felip\\Documents\\Estudos\\Programação\\Teste\\labs\\src\\components\\organisms\\PostPreview\\PostPreview.tsx": {"path":"C:\\Users\\felip\\Documents\\Estudos\\Programação\\Teste\\labs\\src\\components\\organisms\\PostPreview\\PostPreview.tsx","statementMap":{"0":{"start":{"line":18,"column":46},"end":{"line":18,"column":78}},"1":{"start":{"line":20,"column":30},"end":{"line":29,"column":3}},"2":{"start":{"line":21,"column":4},"end":{"line":28,"column":5}},"3":{"start":{"line":22,"column":23},"end":{"line":22,"column":68}},"4":{"start":{"line":23,"column":19},"end":{"line":23,"column":45}},"5":{"start":{"line":25,"column":6},"end":{"line":25,"column":30}},"6":{"start":{"line":27,"column":6},"end":{"line":27,"column":97}},"7":{"start":{"line":31,"column":2},"end":{"line":33,"column":9}},"8":{"start":{"line":32,"column":4},"end":{"line":32,"column":26}},"9":{"start":{"line":34,"column":2},"end":{"line":72,"column":4}},"10":{"start":{"line":39,"column":34},"end":{"line":41,"column":14}},"11":{"start":{"line":40,"column":14},"end":{"line":40,"column":41}},"12":{"start":{"line":43,"column":12},"end":{"line":45,"column":13}},"13":{"start":{"line":44,"column":14},"end":{"line":44,"column":26}},"14":{"start":{"line":47,"column":24},"end":{"line":47,"column":30}},"15":{"start":{"line":49,"column":12},"end":{"line":55,"column":14}}},"fnMap":{"0":{"name":"PostPreview","decl":{"start":{"line":15,"column":24},"end":{"line":15,"column":35}},"loc":{"start":{"line":17,"column":22},"end":{"line":73,"column":1}},"line":17},"1":{"name":"(anonymous_1)","decl":{"start":{"line":20,"column":30},"end":{"line":20,"column":31}},"loc":{"start":{"line":20,"column":42},"end":{"line":29,"column":3}},"line":20},"2":{"name":"(anonymous_2)","decl":{"start":{"line":31,"column":12},"end":{"line":31,"column":13}},"loc":{"start":{"line":31,"column":18},"end":{"line":33,"column":3}},"line":31},"3":{"name":"(anonymous_3)","decl":{"start":{"line":38,"column":43},"end":{"line":38,"column":44}},"loc":{"start":{"line":38,"column":59},"end":{"line":56,"column":11}},"line":38},"4":{"name":"(anonymous_4)","decl":{"start":{"line":39,"column":54},"end":{"line":39,"column":55}},"loc":{"start":{"line":40,"column":14},"end":{"line":40,"column":41}},"line":40}},"branchMap":{"0":{"loc":{"start":{"line":23,"column":19},"end":{"line":23,"column":45}},"type":"binary-expr","locations":[{"start":{"line":23,"column":19},"end":{"line":23,"column":39}},{"start":{"line":23,"column":43},"end":{"line":23,"column":45}}],"line":23},"1":{"loc":{"start":{"line":27,"column":18},"end":{"line":27,"column":95}},"type":"binary-expr","locations":[{"start":{"line":27,"column":18},"end":{"line":27,"column":48}},{"start":{"line":27,"column":52},"end":{"line":27,"column":95}}],"line":27},"2":{"loc":{"start":{"line":36,"column":7},"end":{"line":70,"column":7}},"type":"cond-expr","locations":[{"start":{"line":37,"column":8},"end":{"line":57,"column":14}},{"start":{"line":59,"column":8},"end":{"line":69,"column":11}}],"line":36},"3":{"loc":{"start":{"line":36,"column":7},"end":{"line":36,"column":77}},"type":"binary-expr","locations":[{"start":{"line":36,"column":7},"end":{"line":36,"column":47}},{"start":{"line":36,"column":51},"end":{"line":36,"column":77}}],"line":36},"4":{"loc":{"start":{"line":43,"column":12},"end":{"line":45,"column":13}},"type":"if","locations":[{"start":{"line":43,"column":12},"end":{"line":45,"column":13}},{"start":{},"end":{}}],"line":43}},"s":{"0":0,"1":0,"2":0,"3":0,"4":0,"5":0,"6":0,"7":0,"8":0,"9":0,"10":0,"11":0,"12":0,"13":0,"14":0,"15":0},"f":{"0":0,"1":0,"2":0,"3":0,"4":0},"b":{"0":[0,0],"1":[0,0],"2":[0,0],"3":[0,0],"4":[0,0]}}
,"C:\\Users\\felip\\Documents\\Estudos\\Programação\\Teste\\labs\\src\\components\\organisms\\PostSocialNetwork\\PostSocialNetwork.tsx": {"path":"C:\\Users\\felip\\Documents\\Estudos\\Programação\\Teste\\labs\\src\\components\\organisms\\PostSocialNetwork\\PostSocialNetwork.tsx","statementMap":{"0":{"start":{"line":15,"column":46},"end":{"line":15,"column":78}},"1":{"start":{"line":17,"column":23},"end":{"line":43,"column":3}},"2":{"start":{"line":18,"column":18},"end":{"line":18,"column":86}},"3":{"start":{"line":18,"column":62},"end":{"line":18,"column":85}},"4":{"start":{"line":20,"column":4},"end":{"line":20,"column":69}},"5":{"start":{"line":22,"column":4},"end":{"line":22,"column":43}},"6":{"start":{"line":24,"column":4},"end":{"line":42,"column":7}},"7":{"start":{"line":25,"column":23},"end":{"line":25,"column":39}},"8":{"start":{"line":27,"column":6},"end":{"line":34,"column":7}},"9":{"start":{"line":28,"column":25},"end":{"line":29,"column":74}},"10":{"start":{"line":29,"column":34},"end":{"line":29,"column":73}},"11":{"start":{"line":31,"column":8},"end":{"line":31,"column":47}},"12":{"start":{"line":33,"column":8},"end":{"line":33,"column":24}},"13":{"start":{"line":36,"column":6},"end":{"line":39,"column":8}},"14":{"start":{"line":41,"column":6},"end":{"line":41,"column":22}},"15":{"start":{"line":45,"column":31},"end":{"line":57,"column":3}},"16":{"start":{"line":46,"column":4},"end":{"line":56,"column":5}},"17":{"start":{"line":47,"column":23},"end":{"line":47,"column":68}},"18":{"start":{"line":48,"column":19},"end":{"line":51,"column":15}},"19":{"start":{"line":48,"column":72},"end":{"line":51,"column":7}},"20":{"start":{"line":53,"column":6},"end":{"line":53,"column":30}},"21":{"start":{"line":55,"column":6},"end":{"line":55,"column":97}},"22":{"start":{"line":59,"column":2},"end":{"line":61,"column":9}},"23":{"start":{"line":60,"column":4},"end":{"line":60,"column":27}},"24":{"start":{"line":63,"column":2},"end":{"line":79,"column":4}},"25":{"start":{"line":67,"column":10},"end":{"line":73,"column":12}},"26":{"start":{"line":72,"column":27},"end":{"line":72,"column":58}}},"fnMap":{"0":{"name":"PostSocialNetwork","decl":{"start":{"line":12,"column":24},"end":{"line":12,"column":41}},"loc":{"start":{"line":14,"column":28},"end":{"line":80,"column":1}},"line":14},"1":{"name":"(anonymous_1)","decl":{"start":{"line":17,"column":23},"end":{"line":17,"column":24}},"loc":{"start":{"line":17,"column":39},"end":{"line":43,"column":3}},"line":17},"2":{"name":"(anonymous_2)","decl":{"start":{"line":18,"column":43},"end":{"line":18,"column":44}},"loc":{"start":{"line":18,"column":62},"end":{"line":18,"column":85}},"line":18},"3":{"name":"(anonymous_3)","decl":{"start":{"line":24,"column":16},"end":{"line":24,"column":17}},"loc":{"start":{"line":24,"column":31},"end":{"line":42,"column":5}},"line":24},"4":{"name":"(anonymous_4)","decl":{"start":{"line":29,"column":18},"end":{"line":29,"column":19}},"loc":{"start":{"line":29,"column":34},"end":{"line":29,"column":73}},"line":29},"5":{"name":"(anonymous_5)","decl":{"start":{"line":45,"column":31},"end":{"line":45,"column":32}},"loc":{"start":{"line":45,"column":43},"end":{"line":57,"column":3}},"line":45},"6":{"name":"(anonymous_6)","decl":{"start":{"line":48,"column":45},"end":{"line":48,"column":46}},"loc":{"start":{"line":48,"column":72},"end":{"line":51,"column":7}},"line":48},"7":{"name":"(anonymous_7)","decl":{"start":{"line":59,"column":12},"end":{"line":59,"column":13}},"loc":{"start":{"line":59,"column":18},"end":{"line":61,"column":3}},"line":59},"8":{"name":"(anonymous_8)","decl":{"start":{"line":66,"column":28},"end":{"line":66,"column":29}},"loc":{"start":{"line":67,"column":10},"end":{"line":73,"column":12}},"line":67},"9":{"name":"(anonymous_9)","decl":{"start":{"line":72,"column":21},"end":{"line":72,"column":22}},"loc":{"start":{"line":72,"column":27},"end":{"line":72,"column":58}},"line":72}},"branchMap":{"0":{"loc":{"start":{"line":27,"column":6},"end":{"line":34,"column":7}},"type":"if","locations":[{"start":{"line":27,"column":6},"end":{"line":34,"column":7}},{"start":{},"end":{}}],"line":27},"1":{"loc":{"start":{"line":48,"column":19},"end":{"line":51,"column":15}},"type":"binary-expr","locations":[{"start":{"line":48,"column":19},"end":{"line":51,"column":9}},{"start":{"line":51,"column":13},"end":{"line":51,"column":15}}],"line":48},"2":{"loc":{"start":{"line":55,"column":18},"end":{"line":55,"column":95}},"type":"binary-expr","locations":[{"start":{"line":55,"column":18},"end":{"line":55,"column":48}},{"start":{"line":55,"column":52},"end":{"line":55,"column":95}}],"line":55},"3":{"loc":{"start":{"line":65,"column":7},"end":{"line":77,"column":7}},"type":"cond-expr","locations":[{"start":{"line":66,"column":8},"end":{"line":74,"column":10}},{"start":{"line":76,"column":10},"end":{"line":76,"column":36}}],"line":65}},"s":{"0":0,"1":0,"2":0,"3":0,"4":0,"5":0,"6":0,"7":0,"8":0,"9":0,"10":0,"11":0,"12":0,"13":0,"14":0,"15":0,"16":0,"17":0,"18":0,"19":0,"20":0,"21":0,"22":0,"23":0,"24":0,"25":0,"26":0},"f":{"0":0,"1":0,"2":0,"3":0,"4":0,"5":0,"6":0,"7":0,"8":0,"9":0},"b":{"0":[0,0],"1":[0,0],"2":[0,0],"3":[0,0]}}
,"C:\\Users\\felip\\Documents\\Estudos\\Programação\\Teste\\labs\\src\\components\\organisms\\PostText\\PostText.tsx": {"path":"C:\\Users\\felip\\Documents\\Estudos\\Programação\\Teste\\labs\\src\\components\\organisms\\PostText\\PostText.tsx","statementMap":{"0":{"start":{"line":16,"column":23},"end":{"line":16,"column":51}},"1":{"start":{"line":17,"column":22},"end":{"line":17,"column":55}},"2":{"start":{"line":19,"column":38},"end":{"line":19,"column":53}},"3":{"start":{"line":20,"column":44},"end":{"line":20,"column":55}},"4":{"start":{"line":22,"column":23},"end":{"line":24,"column":3}},"5":{"start":{"line":23,"column":4},"end":{"line":23,"column":47}},"6":{"start":{"line":23,"column":34},"end":{"line":23,"column":44}},"7":{"start":{"line":26,"column":23},"end":{"line":48,"column":3}},"8":{"start":{"line":27,"column":4},"end":{"line":47,"column":5}},"9":{"start":{"line":28,"column":24},"end":{"line":28,"column":35}},"10":{"start":{"line":29,"column":19},"end":{"line":29,"column":38}},"11":{"start":{"line":31,"column":29},"end":{"line":31,"column":65}},"12":{"start":{"line":32,"column":6},"end":{"line":32,"column":39}},"13":{"start":{"line":34,"column":31},"end":{"line":35,"column":37}},"14":{"start":{"line":36,"column":30},"end":{"line":37,"column":53}},"15":{"start":{"line":39,"column":20},"end":{"line":39,"column":67}},"16":{"start":{"line":41,"column":6},"end":{"line":41,"column":25}},"17":{"start":{"line":43,"column":6},"end":{"line":46,"column":10}},"18":{"start":{"line":43,"column":34},"end":{"line":46,"column":7}},"19":{"start":{"line":50,"column":19},"end":{"line":57,"column":3}},"20":{"start":{"line":51,"column":22},"end":{"line":51,"column":34}},"21":{"start":{"line":53,"column":4},"end":{"line":56,"column":8}},"22":{"start":{"line":53,"column":32},"end":{"line":56,"column":5}},"23":{"start":{"line":59,"column":2},"end":{"line":59,"column":55}},"24":{"start":{"line":59,"column":33},"end":{"line":59,"column":53}},"25":{"start":{"line":61,"column":2},"end":{"line":91,"column":4}}},"fnMap":{"0":{"name":"PostText","decl":{"start":{"line":13,"column":24},"end":{"line":13,"column":32}},"loc":{"start":{"line":15,"column":19},"end":{"line":92,"column":1}},"line":15},"1":{"name":"(anonymous_1)","decl":{"start":{"line":22,"column":23},"end":{"line":22,"column":24}},"loc":{"start":{"line":22,"column":29},"end":{"line":24,"column":3}},"line":22},"2":{"name":"(anonymous_2)","decl":{"start":{"line":23,"column":18},"end":{"line":23,"column":19}},"loc":{"start":{"line":23,"column":34},"end":{"line":23,"column":44}},"line":23},"3":{"name":"(anonymous_3)","decl":{"start":{"line":26,"column":23},"end":{"line":26,"column":24}},"loc":{"start":{"line":26,"column":60},"end":{"line":48,"column":3}},"line":26},"4":{"name":"(anonymous_4)","decl":{"start":{"line":43,"column":18},"end":{"line":43,"column":19}},"loc":{"start":{"line":43,"column":34},"end":{"line":46,"column":7}},"line":43},"5":{"name":"(anonymous_5)","decl":{"start":{"line":50,"column":19},"end":{"line":50,"column":20}},"loc":{"start":{"line":50,"column":64},"end":{"line":57,"column":3}},"line":50},"6":{"name":"(anonymous_6)","decl":{"start":{"line":53,"column":16},"end":{"line":53,"column":17}},"loc":{"start":{"line":53,"column":32},"end":{"line":56,"column":5}},"line":53},"7":{"name":"(anonymous_7)","decl":{"start":{"line":59,"column":27},"end":{"line":59,"column":28}},"loc":{"start":{"line":59,"column":33},"end":{"line":59,"column":53}},"line":59}},"branchMap":{"0":{"loc":{"start":{"line":27,"column":4},"end":{"line":47,"column":5}},"type":"if","locations":[{"start":{"line":27,"column":4},"end":{"line":47,"column":5}},{"start":{},"end":{}}],"line":27},"1":{"loc":{"start":{"line":27,"column":8},"end":{"line":27,"column":42}},"type":"binary-expr","locations":[{"start":{"line":27,"column":8},"end":{"line":27,"column":19}},{"start":{"line":27,"column":23},"end":{"line":27,"column":42}}],"line":27},"2":{"loc":{"start":{"line":31,"column":29},"end":{"line":31,"column":65}},"type":"binary-expr","locations":[{"start":{"line":31,"column":29},"end":{"line":31,"column":48}},{"start":{"line":31,"column":52},"end":{"line":31,"column":65}}],"line":31},"3":{"loc":{"start":{"line":74,"column":7},"end":{"line":83,"column":7}},"type":"binary-expr","locations":[{"start":{"line":74,"column":7},"end":{"line":74,"column":17}},{"start":{"line":75,"column":6},"end":{"line":82,"column":8}}],"line":74}},"s":{"0":0,"1":0,"2":0,"3":0,"4":0,"5":0,"6":0,"7":0,"8":0,"9":0,"10":0,"11":0,"12":0,"13":0,"14":0,"15":0,"16":0,"17":0,"18":0,"19":0,"20":0,"21":0,"22":0,"23":0,"24":0,"25":0},"f":{"0":0,"1":0,"2":0,"3":0,"4":0,"5":0,"6":0,"7":0},"b":{"0":[0,0],"1":[0,0],"2":[0,0],"3":[0,0]}}
,"C:\\Users\\felip\\Documents\\Estudos\\Programação\\Teste\\labs\\src\\components\\organisms\\PostText\\utils\\PickerGroupNames.ts": {"path":"C:\\Users\\felip\\Documents\\Estudos\\Programação\\Teste\\labs\\src\\components\\organisms\\PostText\\utils\\PickerGroupNames.ts","statementMap":{"0":{"start":{"line":1,"column":32},"end":{"line":11,"column":1}}},"fnMap":{},"branchMap":{},"s":{"0":0},"f":{},"b":{}}
,"C:\\Users\\felip\\Documents\\Estudos\\Programação\\Teste\\labs\\src\\components\\organisms\\PostText\\utils\\PickerStyle.ts": {"path":"C:\\Users\\felip\\Documents\\Estudos\\Programação\\Teste\\labs\\src\\components\\organisms\\PostText\\utils\\PickerStyle.ts","statementMap":{"0":{"start":{"line":1,"column":27},"end":{"line":7,"column":1}}},"fnMap":{},"branchMap":{},"s":{"0":0},"f":{},"b":{}}
,"C:\\Users\\felip\\Documents\\Estudos\\Programação\\Teste\\labs\\src\\components\\organisms\\SchedulePreviewModal\\SchedulePreviewModal.tsx": {"path":"C:\\Users\\felip\\Documents\\Estudos\\Programação\\Teste\\labs\\src\\components\\organisms\\SchedulePreviewModal\\SchedulePreviewModal.tsx","statementMap":{"0":{"start":{"line":13,"column":29},"end":{"line":59,"column":2}},"1":{"start":{"line":18,"column":46},"end":{"line":18,"column":78}},"2":{"start":{"line":20,"column":30},"end":{"line":29,"column":3}},"3":{"start":{"line":21,"column":4},"end":{"line":28,"column":5}},"4":{"start":{"line":22,"column":23},"end":{"line":22,"column":68}},"5":{"start":{"line":23,"column":19},"end":{"line":23,"column":45}},"6":{"start":{"line":25,"column":6},"end":{"line":25,"column":30}},"7":{"start":{"line":27,"column":6},"end":{"line":27,"column":97}},"8":{"start":{"line":31,"column":2},"end":{"line":33,"column":9}},"9":{"start":{"line":32,"column":4},"end":{"line":32,"column":26}},"10":{"start":{"line":34,"column":2},"end":{"line":58,"column":4}},"11":{"start":{"line":38,"column":32},"end":{"line":40,"column":12}},"12":{"start":{"line":39,"column":12},"end":{"line":39,"column":39}},"13":{"start":{"line":42,"column":10},"end":{"line":44,"column":11}},"14":{"start":{"line":43,"column":12},"end":{"line":43,"column":24}},"15":{"start":{"line":46,"column":22},"end":{"line":46,"column":28}},"16":{"start":{"line":48,"column":10},"end":{"line":54,"column":12}}},"fnMap":{"0":{"name":"(anonymous_0)","decl":{"start":{"line":15,"column":2},"end":{"line":15,"column":3}},"loc":{"start":{"line":17,"column":11},"end":{"line":59,"column":1}},"line":17},"1":{"name":"(anonymous_1)","decl":{"start":{"line":20,"column":30},"end":{"line":20,"column":31}},"loc":{"start":{"line":20,"column":42},"end":{"line":29,"column":3}},"line":20},"2":{"name":"(anonymous_2)","decl":{"start":{"line":31,"column":12},"end":{"line":31,"column":13}},"loc":{"start":{"line":31,"column":18},"end":{"line":33,"column":3}},"line":31},"3":{"name":"(anonymous_3)","decl":{"start":{"line":37,"column":40},"end":{"line":37,"column":41}},"loc":{"start":{"line":37,"column":56},"end":{"line":55,"column":9}},"line":37},"4":{"name":"(anonymous_4)","decl":{"start":{"line":38,"column":52},"end":{"line":38,"column":53}},"loc":{"start":{"line":39,"column":12},"end":{"line":39,"column":39}},"line":39}},"branchMap":{"0":{"loc":{"start":{"line":23,"column":19},"end":{"line":23,"column":45}},"type":"binary-expr","locations":[{"start":{"line":23,"column":19},"end":{"line":23,"column":39}},{"start":{"line":23,"column":43},"end":{"line":23,"column":45}}],"line":23},"1":{"loc":{"start":{"line":27,"column":18},"end":{"line":27,"column":95}},"type":"binary-expr","locations":[{"start":{"line":27,"column":18},"end":{"line":27,"column":48}},{"start":{"line":27,"column":52},"end":{"line":27,"column":95}}],"line":27},"2":{"loc":{"start":{"line":36,"column":7},"end":{"line":56,"column":7}},"type":"binary-expr","locations":[{"start":{"line":36,"column":8},"end":{"line":36,"column":48}},{"start":{"line":36,"column":52},"end":{"line":36,"column":78}},{"start":{"line":37,"column":8},"end":{"line":55,"column":10}}],"line":36},"3":{"loc":{"start":{"line":42,"column":10},"end":{"line":44,"column":11}},"type":"if","locations":[{"start":{"line":42,"column":10},"end":{"line":44,"column":11}},{"start":{},"end":{}}],"line":42}},"s":{"0":0,"1":0,"2":0,"3":0,"4":0,"5":0,"6":0,"7":0,"8":0,"9":0,"10":0,"11":0,"12":0,"13":0,"14":0,"15":0,"16":0},"f":{"0":0,"1":0,"2":0,"3":0,"4":0},"b":{"0":[0,0],"1":[0,0],"2":[0,0,0],"3":[0,0]}}
,"C:\\Users\\felip\\Documents\\Estudos\\Programação\\Teste\\labs\\src\\components\\organisms\\SchedulesTable\\SchedulesTable.tsx": {"path":"C:\\Users\\felip\\Documents\\Estudos\\Programação\\Teste\\labs\\src\\components\\organisms\\SchedulesTable\\SchedulesTable.tsx","statementMap":{"0":{"start":{"line":21,"column":38},"end":{"line":22,"column":21}},"1":{"start":{"line":24,"column":56},"end":{"line":24,"column":88}},"2":{"start":{"line":25,"column":42},"end":{"line":25,"column":71}},"3":{"start":{"line":27,"column":23},"end":{"line":46,"column":3}},"4":{"start":{"line":28,"column":4},"end":{"line":45,"column":5}},"5":{"start":{"line":29,"column":23},"end":{"line":29,"column":69}},"6":{"start":{"line":30,"column":19},"end":{"line":30,"column":45}},"7":{"start":{"line":32,"column":6},"end":{"line":32,"column":28}},"8":{"start":{"line":34,"column":25},"end":{"line":38,"column":8}},"9":{"start":{"line":35,"column":23},"end":{"line":35,"column":79}},"10":{"start":{"line":35,"column":56},"end":{"line":35,"column":78}},"11":{"start":{"line":37,"column":8},"end":{"line":37,"column":22}},"12":{"start":{"line":40,"column":6},"end":{"line":42,"column":9}},"13":{"start":{"line":41,"column":40},"end":{"line":41,"column":72}},"14":{"start":{"line":44,"column":6},"end":{"line":44,"column":97}},"15":{"start":{"line":48,"column":30},"end":{"line":57,"column":3}},"16":{"start":{"line":49,"column":4},"end":{"line":56,"column":5}},"17":{"start":{"line":50,"column":23},"end":{"line":50,"column":68}},"18":{"start":{"line":51,"column":19},"end":{"line":51,"column":45}},"19":{"start":{"line":53,"column":6},"end":{"line":53,"column":35}},"20":{"start":{"line":55,"column":6},"end":{"line":55,"column":97}},"21":{"start":{"line":59,"column":2},"end":{"line":62,"column":18}},"22":{"start":{"line":60,"column":4},"end":{"line":60,"column":19}},"23":{"start":{"line":61,"column":4},"end":{"line":61,"column":26}},"24":{"start":{"line":64,"column":2},"end":{"line":131,"column":4}},"25":{"start":{"line":78,"column":8},"end":{"line":127,"column":13}},"26":{"start":{"line":82,"column":36},"end":{"line":82,"column":87}},"27":{"start":{"line":82,"column":71},"end":{"line":82,"column":86}},"28":{"start":{"line":84,"column":14},"end":{"line":89,"column":16}},"29":{"start":{"line":117,"column":29},"end":{"line":117,"column":54}}},"fnMap":{"0":{"name":"SchedulesTable","decl":{"start":{"line":18,"column":24},"end":{"line":18,"column":38}},"loc":{"start":{"line":20,"column":25},"end":{"line":132,"column":1}},"line":20},"1":{"name":"(anonymous_1)","decl":{"start":{"line":27,"column":23},"end":{"line":27,"column":24}},"loc":{"start":{"line":27,"column":35},"end":{"line":46,"column":3}},"line":27},"2":{"name":"(anonymous_2)","decl":{"start":{"line":34,"column":39},"end":{"line":34,"column":40}},"loc":{"start":{"line":34,"column":59},"end":{"line":38,"column":7}},"line":34},"3":{"name":"(anonymous_3)","decl":{"start":{"line":35,"column":33},"end":{"line":35,"column":34}},"loc":{"start":{"line":35,"column":56},"end":{"line":35,"column":78}},"line":35},"4":{"name":"(anonymous_4)","decl":{"start":{"line":41,"column":22},"end":{"line":41,"column":23}},"loc":{"start":{"line":41,"column":40},"end":{"line":41,"column":72}},"line":41},"5":{"name":"(anonymous_5)","decl":{"start":{"line":48,"column":30},"end":{"line":48,"column":31}},"loc":{"start":{"line":48,"column":42},"end":{"line":57,"column":3}},"line":48},"6":{"name":"(anonymous_6)","decl":{"start":{"line":59,"column":12},"end":{"line":59,"column":13}},"loc":{"start":{"line":59,"column":18},"end":{"line":62,"column":3}},"line":59},"7":{"name":"(anonymous_7)","decl":{"start":{"line":77,"column":48},"end":{"line":77,"column":49}},"loc":{"start":{"line":78,"column":8},"end":{"line":127,"column":13}},"line":78},"8":{"name":"(anonymous_8)","decl":{"start":{"line":81,"column":82},"end":{"line":81,"column":83}},"loc":{"start":{"line":81,"column":91},"end":{"line":90,"column":13}},"line":81},"9":{"name":"(anonymous_9)","decl":{"start":{"line":82,"column":61},"end":{"line":82,"column":62}},"loc":{"start":{"line":82,"column":71},"end":{"line":82,"column":86}},"line":82},"10":{"name":"(anonymous_10)","decl":{"start":{"line":117,"column":23},"end":{"line":117,"column":24}},"loc":{"start":{"line":117,"column":29},"end":{"line":117,"column":54}},"line":117}},"branchMap":{"0":{"loc":{"start":{"line":30,"column":19},"end":{"line":30,"column":45}},"type":"binary-expr","locations":[{"start":{"line":30,"column":19},"end":{"line":30,"column":39}},{"start":{"line":30,"column":43},"end":{"line":30,"column":45}}],"line":30},"1":{"loc":{"start":{"line":44,"column":18},"end":{"line":44,"column":95}},"type":"binary-expr","locations":[{"start":{"line":44,"column":18},"end":{"line":44,"column":48}},{"start":{"line":44,"column":52},"end":{"line":44,"column":95}}],"line":44},"2":{"loc":{"start":{"line":51,"column":19},"end":{"line":51,"column":45}},"type":"binary-expr","locations":[{"start":{"line":51,"column":19},"end":{"line":51,"column":39}},{"start":{"line":51,"column":43},"end":{"line":51,"column":45}}],"line":51},"3":{"loc":{"start":{"line":55,"column":18},"end":{"line":55,"column":95}},"type":"binary-expr","locations":[{"start":{"line":55,"column":18},"end":{"line":55,"column":48}},{"start":{"line":55,"column":52},"end":{"line":55,"column":95}}],"line":55},"4":{"loc":{"start":{"line":77,"column":9},"end":{"line":128,"column":10}},"type":"binary-expr","locations":[{"start":{"line":77,"column":9},"end":{"line":77,"column":30}},{"start":{"line":77,"column":34},"end":{"line":128,"column":10}}],"line":77},"5":{"loc":{"start":{"line":81,"column":13},"end":{"line":90,"column":14}},"type":"binary-expr","locations":[{"start":{"line":81,"column":13},"end":{"line":81,"column":44}},{"start":{"line":81,"column":48},"end":{"line":90,"column":14}}],"line":81},"6":{"loc":{"start":{"line":94,"column":13},"end":{"line":100,"column":13}},"type":"binary-expr","locations":[{"start":{"line":94,"column":13},"end":{"line":94,"column":28}},{"start":{"line":95,"column":12},"end":{"line":99,"column":14}}],"line":94},"7":{"loc":{"start":{"line":109,"column":15},"end":{"line":110,"column":64}},"type":"binary-expr","locations":[{"start":{"line":109,"column":15},"end":{"line":109,"column":40}},{"start":{"line":110,"column":19},"end":{"line":110,"column":64}}],"line":109},"8":{"loc":{"start":{"line":123,"column":13},"end":{"line":125,"column":13}},"type":"binary-expr","locations":[{"start":{"line":123,"column":14},"end":{"line":123,"column":37}},{"start":{"line":124,"column":14},"end":{"line":124,"column":56}}],"line":123}},"s":{"0":0,"1":0,"2":0,"3":0,"4":0,"5":0,"6":0,"7":0,"8":0,"9":0,"10":0,"11":0,"12":0,"13":0,"14":0,"15":0,"16":0,"17":0,"18":0,"19":0,"20":0,"21":0,"22":0,"23":0,"24":0,"25":0,"26":0,"27":0,"28":0,"29":0},"f":{"0":0,"1":0,"2":0,"3":0,"4":0,"5":0,"6":0,"7":0,"8":0,"9":0,"10":0},"b":{"0":[0,0],"1":[0,0],"2":[0,0],"3":[0,0],"4":[0,0],"5":[0,0],"6":[0,0],"7":[0,0],"8":[0,0]}}
,"C:\\Users\\felip\\Documents\\Estudos\\Programação\\Teste\\labs\\src\\components\\templates\\App\\App.tsx": {"path":"C:\\Users\\felip\\Documents\\Estudos\\Programação\\Teste\\labs\\src\\components\\templates\\App\\App.tsx","statementMap":{"0":{"start":{"line":11,"column":2},"end":{"line":21,"column":4}}},"fnMap":{"0":{"name":"App","decl":{"start":{"line":10,"column":24},"end":{"line":10,"column":27}},"loc":{"start":{"line":10,"column":30},"end":{"line":22,"column":1}},"line":10}},"branchMap":{},"s":{"0":0},"f":{"0":0},"b":{}}
,"C:\\Users\\felip\\Documents\\Estudos\\Programação\\Teste\\labs\\src\\components\\templates\\Layout\\Layout.tsx": {"path":"C:\\Users\\felip\\Documents\\Estudos\\Programação\\Teste\\labs\\src\\components\\templates\\Layout\\Layout.tsx","statementMap":{"0":{"start":{"line":6,"column":2},"end":{"line":13,"column":4}}},"fnMap":{"0":{"name":"Layout","decl":{"start":{"line":5,"column":24},"end":{"line":5,"column":30}},"loc":{"start":{"line":5,"column":33},"end":{"line":14,"column":1}},"line":5}},"branchMap":{},"s":{"0":0},"f":{"0":0},"b":{}}
,"C:\\Users\\felip\\Documents\\Estudos\\Programação\\Teste\\labs\\src\\contexts\\Post.tsx": {"path":"C:\\Users\\felip\\Documents\\Estudos\\Programação\\Teste\\labs\\src\\contexts\\Post.tsx","statementMap":{"0":{"start":{"line":9,"column":27},"end":{"line":9,"column":74}},"1":{"start":{"line":14,"column":42},"end":{"line":22,"column":4}},"2":{"start":{"line":15,"column":26},"end":{"line":15,"column":67}},"3":{"start":{"line":17,"column":4},"end":{"line":19,"column":5}},"4":{"start":{"line":18,"column":6},"end":{"line":18,"column":58}},"5":{"start":{"line":21,"column":4},"end":{"line":21,"column":33}},"6":{"start":{"line":24,"column":22},"end":{"line":34,"column":3}},"7":{"start":{"line":25,"column":4},"end":{"line":33,"column":7}},"8":{"start":{"line":26,"column":23},"end":{"line":26,"column":37}},"9":{"start":{"line":28,"column":6},"end":{"line":28,"column":29}},"10":{"start":{"line":30,"column":6},"end":{"line":30,"column":74}},"11":{"start":{"line":32,"column":6},"end":{"line":32,"column":22}},"12":{"start":{"line":36,"column":23},"end":{"line":39,"column":37}},"13":{"start":{"line":36,"column":38},"end":{"line":39,"column":19}},"14":{"start":{"line":41,"column":2},"end":{"line":45,"column":4}}},"fnMap":{"0":{"name":"PostProvider","decl":{"start":{"line":11,"column":16},"end":{"line":11,"column":28}},"loc":{"start":{"line":13,"column":23},"end":{"line":46,"column":1}},"line":13},"1":{"name":"(anonymous_1)","decl":{"start":{"line":14,"column":51},"end":{"line":14,"column":52}},"loc":{"start":{"line":14,"column":57},"end":{"line":22,"column":3}},"line":14},"2":{"name":"(anonymous_2)","decl":{"start":{"line":24,"column":22},"end":{"line":24,"column":23}},"loc":{"start":{"line":24,"column":47},"end":{"line":34,"column":3}},"line":24},"3":{"name":"(anonymous_3)","decl":{"start":{"line":25,"column":20},"end":{"line":25,"column":21}},"loc":{"start":{"line":25,"column":35},"end":{"line":33,"column":5}},"line":25},"4":{"name":"(anonymous_4)","decl":{"start":{"line":36,"column":31},"end":{"line":36,"column":32}},"loc":{"start":{"line":36,"column":38},"end":{"line":39,"column":19}},"line":36}},"branchMap":{"0":{"loc":{"start":{"line":17,"column":4},"end":{"line":19,"column":5}},"type":"if","locations":[{"start":{"line":17,"column":4},"end":{"line":19,"column":5}},{"start":{},"end":{}}],"line":17}},"s":{"0":5,"1":21,"2":21,"3":21,"4":0,"5":21,"6":21,"7":0,"8":0,"9":0,"10":0,"11":0,"12":21,"13":21,"14":21},"f":{"0":21,"1":21,"2":0,"3":0,"4":21},"b":{"0":[0,21]},"_coverageSchema":"1a1c01bbd47fc00a2c39e90264f33305004495a9","hash":"9ad6588bb1dfebded0499da60b8f4dd80dbc4a0b"}
,"C:\\Users\\felip\\Documents\\Estudos\\Programação\\Teste\\labs\\src\\hooks\\useOutside.tsx": {"path":"C:\\Users\\felip\\Documents\\Estudos\\Programação\\Teste\\labs\\src\\hooks\\useOutside.tsx","statementMap":{"0":{"start":{"line":8,"column":2},"end":{"line":26,"column":21}},"1":{"start":{"line":9,"column":21},"end":{"line":19,"column":5}},"2":{"start":{"line":10,"column":6},"end":{"line":10,"column":30}},"3":{"start":{"line":12,"column":22},"end":{"line":12,"column":34}},"4":{"start":{"line":14,"column":6},"end":{"line":16,"column":7}},"5":{"start":{"line":15,"column":8},"end":{"line":15,"column":15}},"6":{"start":{"line":18,"column":6},"end":{"line":18,"column":21}},"7":{"start":{"line":21,"column":4},"end":{"line":21,"column":53}},"8":{"start":{"line":23,"column":4},"end":{"line":25,"column":6}},"9":{"start":{"line":24,"column":6},"end":{"line":24,"column":58}}},"fnMap":{"0":{"name":"useOutside","decl":{"start":{"line":4,"column":16},"end":{"line":4,"column":26}},"loc":{"start":{"line":7,"column":2},"end":{"line":27,"column":1}},"line":7},"1":{"name":"(anonymous_1)","decl":{"start":{"line":8,"column":12},"end":{"line":8,"column":13}},"loc":{"start":{"line":8,"column":18},"end":{"line":26,"column":3}},"line":8},"2":{"name":"(anonymous_2)","decl":{"start":{"line":9,"column":21},"end":{"line":9,"column":22}},"loc":{"start":{"line":9,"column":44},"end":{"line":19,"column":5}},"line":9},"3":{"name":"(anonymous_3)","decl":{"start":{"line":23,"column":11},"end":{"line":23,"column":12}},"loc":{"start":{"line":23,"column":17},"end":{"line":25,"column":5}},"line":23}},"branchMap":{"0":{"loc":{"start":{"line":14,"column":6},"end":{"line":16,"column":7}},"type":"if","locations":[{"start":{"line":14,"column":6},"end":{"line":16,"column":7}},{"start":{},"end":{}}],"line":14},"1":{"loc":{"start":{"line":14,"column":10},"end":{"line":14,"column":60}},"type":"binary-expr","locations":[{"start":{"line":14,"column":10},"end":{"line":14,"column":18}},{"start":{"line":14,"column":22},"end":{"line":14,"column":60}}],"line":14}},"s":{"0":0,"1":0,"2":0,"3":0,"4":0,"5":0,"6":0,"7":0,"8":0,"9":0},"f":{"0":0,"1":0,"2":0,"3":0},"b":{"0":[0,0],"1":[0,0]}}
,"C:\\Users\\felip\\Documents\\Estudos\\Programação\\Teste\\labs\\src\\hooks\\usePost.tsx": {"path":"C:\\Users\\felip\\Documents\\Estudos\\Programação\\Teste\\labs\\src\\hooks\\usePost.tsx","statementMap":{"0":{"start":{"line":5,"column":15},"end":{"line":5,"column":38}},"1":{"start":{"line":7,"column":2},"end":{"line":7,"column":14}}},"fnMap":{"0":{"name":"usePost","decl":{"start":{"line":4,"column":24},"end":{"line":4,"column":31}},"loc":{"start":{"line":4,"column":34},"end":{"line":8,"column":1}},"line":4}},"branchMap":{},"s":{"0":0,"1":0},"f":{"0":0},"b":{}}
,"C:\\Users\\felip\\Documents\\Estudos\\Programação\\Teste\\labs\\src\\pages\\Home\\Home.tsx": {"path":"C:\\Users\\felip\\Documents\\Estudos\\Programação\\Teste\\labs\\src\\pages\\Home\\Home.tsx","statementMap":{"0":{"start":{"line":11,"column":19},"end":{"line":11,"column":32}},"1":{"start":{"line":13,"column":28},"end":{"line":15,"column":3}},"2":{"start":{"line":14,"column":4},"end":{"line":14,"column":29}},"3":{"start":{"line":17,"column":2},"end":{"line":29,"column":4}}},"fnMap":{"0":{"name":"Home","decl":{"start":{"line":10,"column":24},"end":{"line":10,"column":28}},"loc":{"start":{"line":10,"column":31},"end":{"line":30,"column":1}},"line":10},"1":{"name":"(anonymous_1)","decl":{"start":{"line":13,"column":28},"end":{"line":13,"column":29}},"loc":{"start":{"line":13,"column":34},"end":{"line":15,"column":3}},"line":13}},"branchMap":{},"s":{"0":0,"1":0,"2":0,"3":0},"f":{"0":0,"1":0},"b":{}}
,"C:\\Users\\felip\\Documents\\Estudos\\Programação\\Teste\\labs\\src\\pages\\ListSchedules\\ListSchedules.tsx": {"path":"C:\\Users\\felip\\Documents\\Estudos\\Programação\\Teste\\labs\\src\\pages\\ListSchedules\\ListSchedules.tsx","statementMap":{"0":{"start":{"line":14,"column":27},"end":{"line":14,"column":36}},"1":{"start":{"line":16,"column":36},"end":{"line":16,"column":67}},"2":{"start":{"line":17,"column":50},"end":{"line":17,"column":79}},"3":{"start":{"line":19,"column":36},"end":{"line":19,"column":51}},"4":{"start":{"line":20,"column":34},"end":{"line":20,"column":50}},"5":{"start":{"line":22,"column":21},"end":{"line":45,"column":3}},"6":{"start":{"line":23,"column":4},"end":{"line":44,"column":7}},"7":{"start":{"line":24,"column":23},"end":{"line":24,"column":37}},"8":{"start":{"line":26,"column":6},"end":{"line":31,"column":9}},"9":{"start":{"line":27,"column":22},"end":{"line":27,"column":50}},"10":{"start":{"line":28,"column":22},"end":{"line":28,"column":50}},"11":{"start":{"line":30,"column":8},"end":{"line":30,"column":49}},"12":{"start":{"line":33,"column":6},"end":{"line":39,"column":7}},"13":{"start":{"line":34,"column":8},"end":{"line":34,"column":27}},"14":{"start":{"line":36,"column":8},"end":{"line":36,"column":32}},"15":{"start":{"line":38,"column":8},"end":{"line":38,"column":24}},"16":{"start":{"line":41,"column":6},"end":{"line":41,"column":29}},"17":{"start":{"line":43,"column":6},"end":{"line":43,"column":22}},"18":{"start":{"line":47,"column":23},"end":{"line":74,"column":3}},"19":{"start":{"line":48,"column":4},"end":{"line":73,"column":7}},"20":{"start":{"line":49,"column":23},"end":{"line":49,"column":37}},"21":{"start":{"line":51,"column":6},"end":{"line":60,"column":9}},"22":{"start":{"line":52,"column":24},"end":{"line":52,"column":36}},"23":{"start":{"line":53,"column":24},"end":{"line":53,"column":36}},"24":{"start":{"line":55,"column":8},"end":{"line":57,"column":9}},"25":{"start":{"line":56,"column":10},"end":{"line":56,"column":19}},"26":{"start":{"line":59,"column":8},"end":{"line":59,"column":42}},"27":{"start":{"line":62,"column":6},"end":{"line":68,"column":7}},"28":{"start":{"line":63,"column":8},"end":{"line":63,"column":27}},"29":{"start":{"line":65,"column":8},"end":{"line":65,"column":34}},"30":{"start":{"line":67,"column":8},"end":{"line":67,"column":24}},"31":{"start":{"line":70,"column":6},"end":{"line":70,"column":31}},"32":{"start":{"line":72,"column":6},"end":{"line":72,"column":22}},"33":{"start":{"line":76,"column":26},"end":{"line":80,"column":3}},"34":{"start":{"line":77,"column":4},"end":{"line":77,"column":34}},"35":{"start":{"line":79,"column":4},"end":{"line":79,"column":23}},"36":{"start":{"line":82,"column":26},"end":{"line":94,"column":3}},"37":{"start":{"line":83,"column":4},"end":{"line":93,"column":5}},"38":{"start":{"line":84,"column":23},"end":{"line":84,"column":62}},"39":{"start":{"line":85,"column":19},"end":{"line":85,"column":45}},"40":{"start":{"line":87,"column":6},"end":{"line":90,"column":10}},"41":{"start":{"line":92,"column":6},"end":{"line":92,"column":97}},"42":{"start":{"line":96,"column":2},"end":{"line":98,"column":9}},"43":{"start":{"line":97,"column":4},"end":{"line":97,"column":22}},"44":{"start":{"line":100,"column":2},"end":{"line":117,"column":4}}},"fnMap":{"0":{"name":"ListSchedules","decl":{"start":{"line":13,"column":24},"end":{"line":13,"column":37}},"loc":{"start":{"line":13,"column":40},"end":{"line":118,"column":1}},"line":13},"1":{"name":"(anonymous_1)","decl":{"start":{"line":22,"column":21},"end":{"line":22,"column":22}},"loc":{"start":{"line":22,"column":27},"end":{"line":45,"column":3}},"line":22},"2":{"name":"(anonymous_2)","decl":{"start":{"line":23,"column":17},"end":{"line":23,"column":18}},"loc":{"start":{"line":23,"column":32},"end":{"line":44,"column":5}},"line":23},"3":{"name":"(anonymous_3)","decl":{"start":{"line":26,"column":20},"end":{"line":26,"column":21}},"loc":{"start":{"line":26,"column":30},"end":{"line":31,"column":7}},"line":26},"4":{"name":"(anonymous_4)","decl":{"start":{"line":47,"column":23},"end":{"line":47,"column":24}},"loc":{"start":{"line":47,"column":29},"end":{"line":74,"column":3}},"line":47},"5":{"name":"(anonymous_5)","decl":{"start":{"line":48,"column":17},"end":{"line":48,"column":18}},"loc":{"start":{"line":48,"column":32},"end":{"line":73,"column":5}},"line":48},"6":{"name":"(anonymous_6)","decl":{"start":{"line":51,"column":20},"end":{"line":51,"column":21}},"loc":{"start":{"line":51,"column":30},"end":{"line":60,"column":7}},"line":51},"7":{"name":"(anonymous_7)","decl":{"start":{"line":76,"column":26},"end":{"line":76,"column":27}},"loc":{"start":{"line":76,"column":55},"end":{"line":80,"column":3}},"line":76},"8":{"name":"(anonymous_8)","decl":{"start":{"line":82,"column":26},"end":{"line":82,"column":27}},"loc":{"start":{"line":82,"column":38},"end":{"line":94,"column":3}},"line":82},"9":{"name":"(anonymous_9)","decl":{"start":{"line":96,"column":12},"end":{"line":96,"column":13}},"loc":{"start":{"line":96,"column":18},"end":{"line":98,"column":3}},"line":96}},"branchMap":{"0":{"loc":{"start":{"line":33,"column":6},"end":{"line":39,"column":7}},"type":"if","locations":[{"start":{"line":33,"column":6},"end":{"line":39,"column":7}},{"start":{},"end":{}}],"line":33},"1":{"loc":{"start":{"line":55,"column":8},"end":{"line":57,"column":9}},"type":"if","locations":[{"start":{"line":55,"column":8},"end":{"line":57,"column":9}},{"start":{},"end":{}}],"line":55},"2":{"loc":{"start":{"line":59,"column":15},"end":{"line":59,"column":41}},"type":"cond-expr","locations":[{"start":{"line":59,"column":35},"end":{"line":59,"column":36}},{"start":{"line":59,"column":39},"end":{"line":59,"column":41}}],"line":59},"3":{"loc":{"start":{"line":62,"column":6},"end":{"line":68,"column":7}},"type":"if","locations":[{"start":{"line":62,"column":6},"end":{"line":68,"column":7}},{"start":{},"end":{}}],"line":62},"4":{"loc":{"start":{"line":85,"column":19},"end":{"line":85,"column":45}},"type":"binary-expr","locations":[{"start":{"line":85,"column":19},"end":{"line":85,"column":39}},{"start":{"line":85,"column":43},"end":{"line":85,"column":45}}],"line":85},"5":{"loc":{"start":{"line":92,"column":18},"end":{"line":92,"column":95}},"type":"binary-expr","locations":[{"start":{"line":92,"column":18},"end":{"line":92,"column":48}},{"start":{"line":92,"column":52},"end":{"line":92,"column":95}}],"line":92},"6":{"loc":{"start":{"line":111,"column":7},"end":{"line":115,"column":7}},"type":"binary-expr","locations":[{"start":{"line":111,"column":7},"end":{"line":111,"column":16}},{"start":{"line":112,"column":6},"end":{"line":114,"column":20}}],"line":111}},"s":{"0":0,"1":0,"2":0,"3":0,"4":0,"5":0,"6":0,"7":0,"8":0,"9":0,"10":0,"11":0,"12":0,"13":0,"14":0,"15":0,"16":0,"17":0,"18":0,"19":0,"20":0,"21":0,"22":0,"23":0,"24":0,"25":0,"26":0,"27":0,"28":0,"29":0,"30":0,"31":0,"32":0,"33":0,"34":0,"35":0,"36":0,"37":0,"38":0,"39":0,"40":0,"41":0,"42":0,"43":0,"44":0},"f":{"0":0,"1":0,"2":0,"3":0,"4":0,"5":0,"6":0,"7":0,"8":0,"9":0},"b":{"0":[0,0],"1":[0,0],"2":[0,0],"3":[0,0],"4":[0,0],"5":[0,0],"6":[0,0]}}
,"C:\\Users\\felip\\Documents\\Estudos\\Programação\\Teste\\labs\\src\\pages\\NewSchedule\\NewSchedule.tsx": {"path":"C:\\Users\\felip\\Documents\\Estudos\\Programação\\Teste\\labs\\src\\pages\\NewSchedule\\NewSchedule.tsx","statementMap":{"0":{"start":{"line":14,"column":19},"end":{"line":14,"column":32}},"1":{"start":{"line":15,"column":26},"end":{"line":15,"column":35}},"2":{"start":{"line":17,"column":36},"end":{"line":17,"column":51}},"3":{"start":{"line":19,"column":50},"end":{"line":27,"column":25}},"4":{"start":{"line":29,"column":19},"end":{"line":31,"column":3}},"5":{"start":{"line":30,"column":4},"end":{"line":30,"column":31}},"6":{"start":{"line":33,"column":19},"end":{"line":47,"column":3}},"7":{"start":{"line":34,"column":4},"end":{"line":34,"column":27}},"8":{"start":{"line":36,"column":4},"end":{"line":44,"column":7}},"9":{"start":{"line":46,"column":4},"end":{"line":46,"column":23}},"10":{"start":{"line":49,"column":2},"end":{"line":65,"column":4}}},"fnMap":{"0":{"name":"NewSchedule","decl":{"start":{"line":13,"column":24},"end":{"line":13,"column":35}},"loc":{"start":{"line":13,"column":38},"end":{"line":66,"column":1}},"line":13},"1":{"name":"(anonymous_1)","decl":{"start":{"line":29,"column":19},"end":{"line":29,"column":20}},"loc":{"start":{"line":29,"column":25},"end":{"line":31,"column":3}},"line":29},"2":{"name":"(anonymous_2)","decl":{"start":{"line":33,"column":19},"end":{"line":33,"column":20}},"loc":{"start":{"line":33,"column":58},"end":{"line":47,"column":3}},"line":33}},"branchMap":{"0":{"loc":{"start":{"line":56,"column":7},"end":{"line":63,"column":7}},"type":"binary-expr","locations":[{"start":{"line":56,"column":7},"end":{"line":56,"column":16}},{"start":{"line":57,"column":8},"end":{"line":62,"column":22}}],"line":56}},"s":{"0":0,"1":0,"2":0,"3":0,"4":0,"5":0,"6":0,"7":0,"8":0,"9":0,"10":0},"f":{"0":0,"1":0,"2":0},"b":{"0":[0,0]}}
,"C:\\Users\\felip\\Documents\\Estudos\\Programação\\Teste\\labs\\src\\routes\\Router.tsx": {"path":"C:\\Users\\felip\\Documents\\Estudos\\Programação\\Teste\\labs\\src\\routes\\Router.tsx","statementMap":{"0":{"start":{"line":8,"column":2},"end":{"line":14,"column":4}}},"fnMap":{"0":{"name":"Router","decl":{"start":{"line":7,"column":24},"end":{"line":7,"column":30}},"loc":{"start":{"line":7,"column":33},"end":{"line":15,"column":1}},"line":7}},"branchMap":{},"s":{"0":0},"f":{"0":0},"b":{}}
,"C:\\Users\\felip\\Documents\\Estudos\\Programação\\Teste\\labs\\src\\utils\\ensureDateTimePtBr.ts": {"path":"C:\\Users\\felip\\Documents\\Estudos\\Programação\\Teste\\labs\\src\\utils\\ensureDateTimePtBr.ts","statementMap":{"0":{"start":{"line":5,"column":15},"end":{"line":5,"column":30}},"1":{"start":{"line":7,"column":24},"end":{"line":11,"column":3}},"2":{"start":{"line":13,"column":2},"end":{"line":13,"column":23}}},"fnMap":{"0":{"name":"ensureDateTimePtBr","decl":{"start":{"line":4,"column":16},"end":{"line":4,"column":34}},"loc":{"start":{"line":4,"column":50},"end":{"line":14,"column":1}},"line":4}},"branchMap":{},"s":{"0":4,"1":4,"2":4},"f":{"0":4},"b":{},"_coverageSchema":"1a1c01bbd47fc00a2c39e90264f33305004495a9","hash":"837d824f27b51c04e26a16b881b46c1de6beb570"}
,"C:\\Users\\felip\\Documents\\Estudos\\Programação\\Teste\\labs\\src\\utils\\ensurePtBrDate.ts": {"path":"C:\\Users\\felip\\Documents\\Estudos\\Programação\\Teste\\labs\\src\\utils\\ensurePtBrDate.ts","statementMap":{"0":{"start":{"line":5,"column":20},"end":{"line":5,"column":35}},"1":{"start":{"line":6,"column":15},"end":{"line":6,"column":42}},"2":{"start":{"line":8,"column":24},"end":{"line":12,"column":3}},"3":{"start":{"line":14,"column":2},"end":{"line":14,"column":23}}},"fnMap":{"0":{"name":"ensurePtBrDate","decl":{"start":{"line":4,"column":16},"end":{"line":4,"column":30}},"loc":{"start":{"line":4,"column":46},"end":{"line":15,"column":1}},"line":4}},"branchMap":{},"s":{"0":4,"1":4,"2":4,"3":4},"f":{"0":4},"b":{},"_coverageSchema":"1a1c01bbd47fc00a2c39e90264f33305004495a9","hash":"143ea7981242c50434ad99f04703e5abbee35b30"}
,"C:\\Users\\felip\\Documents\\Estudos\\Programação\\Teste\\labs\\src\\utils\\testUtils.tsx": {"path":"C:\\Users\\felip\\Documents\\Estudos\\Programação\\Teste\\labs\\src\\utils\\testUtils.tsx","statementMap":{"0":{"start":{"line":6,"column":30},"end":{"line":10,"column":1}},"1":{"start":{"line":7,"column":2},"end":{"line":9,"column":17}},"2":{"start":{"line":12,"column":21},"end":{"line":15,"column":59}},"3":{"start":{"line":15,"column":5},"end":{"line":15,"column":59}}},"fnMap":{"0":{"name":"(anonymous_0)","decl":{"start":{"line":6,"column":30},"end":{"line":6,"column":31}},"loc":{"start":{"line":7,"column":2},"end":{"line":9,"column":17}},"line":7},"1":{"name":"(anonymous_1)","decl":{"start":{"line":12,"column":21},"end":{"line":12,"column":22}},"loc":{"start":{"line":15,"column":5},"end":{"line":15,"column":59}},"line":15}},"branchMap":{},"s":{"0":5,"1":21,"2":5,"3":21},"f":{"0":21,"1":21},"b":{},"_coverageSchema":"1a1c01bbd47fc00a2c39e90264f33305004495a9","hash":"2ce856e51b244966f6d3ae5bc2a6e904aa214c95"}
}
