TN:
SF:src\components\atoms\Button\Button.tsx
FN:4,Button
FNF:1
FNH:1
FNDA:56,Button
DA:9,56
LF:1
LH:1
BRDA:5,0,0,23
BRF:1
BRH:1
end_of_record
TN:
SF:src\components\atoms\SocialNetworkButton\SocialNetworkButton.tsx
FN:8,SocialNetworkButton
FNF:1
FNH:1
FNDA:5,SocialNetworkButton
DA:11,5
DA:13,5
LF:2
LH:2
BRF:0
BRH:0
end_of_record
TN:
SF:src\components\atoms\SocialNetworkButton\utils\ButtonTypes.tsx
FNF:0
FNH:0
DA:16,3
LF:1
LH:1
BRF:0
BRH:0
end_of_record
TN:
SF:src\components\atoms\SocialNetworkIcon\SocialNetworkIcon.tsx
FN:7,SocialNetworkIcon
FNF:1
FNH:1
FNDA:6,SocialNetworkIcon
DA:10,6
DA:12,6
LF:2
LH:2
BRF:0
BRH:0
end_of_record
TN:
SF:src\components\atoms\SocialNetworkIcon\utils\IconTypes.tsx
FNF:0
FNH:0
DA:16,2
LF:1
LH:1
BRF:0
BRH:0
end_of_record
TN:
SF:src\components\atoms\StatusLabel\StatusLabel.tsx
FN:4,StatusLabel
FNF:1
FNH:1
FNDA:3,StatusLabel
DA:7,3
LF:1
LH:1
BRF:0
BRH:0
end_of_record
TN:
SF:src\components\molecules\Card\Card.tsx
FN:4,Card
FNF:1
FNH:1
FNDA:11,Card
DA:7,11
LF:1
LH:1
BRF:0
BRH:0
end_of_record
TN:
SF:src\components\molecules\InstagramPreview\InstagramPreview.tsx
FN:15,InstagramPreview
FN:20,(anonymous_1)
FNF:2
FNH:2
FNDA:6,InstagramPreview
FNDA:6,(anonymous_1)
DA:18,6
DA:20,6
DA:21,6
DA:24,6
LF:4
LH:4
BRDA:21,0,0,6
BRDA:21,0,1,6
BRDA:34,1,0,6
BRDA:34,1,1,0
BRF:4
BRH:3
end_of_record
TN:
SF:src\components\molecules\LinkedinPreview\LinkedinPreview.tsx
FN:17,LinkedinPreview
FN:22,(anonymous_1)
FNF:2
FNH:2
FNDA:7,LinkedinPreview
FNDA:7,(anonymous_1)
DA:20,7
DA:22,7
DA:23,7
DA:26,7
LF:4
LH:4
BRDA:23,0,0,7
BRDA:23,0,1,7
BRDA:37,1,0,7
BRDA:37,1,1,0
BRDA:37,1,2,7
BRDA:38,2,0,7
BRDA:38,2,1,0
BRDA:45,3,0,7
BRDA:45,3,1,0
BRF:9
BRH:6
end_of_record
TN:
SF:src\components\molecules\PostPreviewForecast\PostPreviewForecast.tsx
FN:7,PostPreviewForecast
FNF:1
FNH:1
FNDA:6,PostPreviewForecast
DA:11,6
DA:13,6
LF:2
LH:2
BRDA:13,0,0,6
BRDA:13,0,1,0
BRF:2
BRH:1
end_of_record
TN:
SF:src\components\molecules\PostPreviewForecast\utils\PostPreviewItems.tsx
FNF:0
FNH:0
DA:6,4
LF:1
LH:1
BRF:0
BRH:0
end_of_record
TN:
SF:src\components\molecules\SuccessScheduleModal\SuccessScheduleModal.tsx
FN:12,(anonymous_0)
FNF:1
FNH:1
FNDA:2,(anonymous_0)
DA:10,1
DA:15,2
LF:2
LH:2
BRF:0
BRH:0
end_of_record
TN:
SF:src\components\molecules\UserBox\UserBox.tsx
FN:6,UserBox
FNF:1
FNH:1
FNDA:4,UserBox
DA:9,4
LF:1
LH:1
BRDA:12,0,0,4
BRDA:12,0,1,4
BRF:2
BRH:2
end_of_record
TN:
SF:src\components\organisms\AddScheduleFooter\AddScheduleFooter.tsx
FN:8,AddScheduleNav
FN:13,(anonymous_1)
FN:33,(anonymous_2)
FNF:3
FNH:3
FNDA:11,AddScheduleNav
FNDA:6,(anonymous_1)
FNDA:6,(anonymous_2)
DA:11,11
DA:13,11
DA:14,6
DA:19,5
DA:21,5
DA:24,1
DA:29,0
DA:33,11
DA:34,6
DA:37,11
LF:10
LH:9
BRDA:14,0,0,5
BRDA:14,0,1,1
BRDA:14,1,0,6
BRDA:14,1,1,5
BRDA:14,1,2,5
BRDA:14,1,3,5
BRDA:24,2,0,0
BRDA:24,2,1,1
BRDA:24,3,0,1
BRDA:24,3,1,0
BRDA:24,3,2,0
BRDA:24,3,3,0
BRF:12
BRH:8
end_of_record
TN:
SF:src\components\organisms\Header\Header.tsx
FN:7,Header
FNF:1
FNH:1
FNDA:2,Header
DA:8,2
LF:1
LH:1
BRF:0
BRH:0
end_of_record
TN:
SF:src\components\organisms\ImageUpload\ImageUpload.tsx
FN:12,ImageUpload
FN:19,(anonymous_1)
FN:25,(anonymous_2)
FN:33,(anonymous_3)
FN:43,(anonymous_4)
FN:47,(anonymous_5)
FN:55,(anonymous_6)
FN:57,(anonymous_7)
FN:66,(anonymous_8)
FN:73,(anonymous_9)
FNF:10
FNH:6
FNDA:16,ImageUpload
FNDA:0,(anonymous_1)
FNDA:4,(anonymous_2)
FNDA:2,(anonymous_3)
FNDA:2,(anonymous_4)
FNDA:0,(anonymous_5)
FNDA:16,(anonymous_6)
FNDA:0,(anonymous_7)
FNDA:0,(anonymous_8)
FNDA:16,(anonymous_9)
DA:15,16
DA:17,16
DA:19,16
DA:20,0
DA:21,0
DA:25,16
DA:26,4
DA:28,4
DA:29,4
DA:33,16
DA:34,2
DA:36,2
DA:38,2
DA:39,2
DA:43,16
DA:44,2
DA:47,16
DA:48,0
DA:51,16
DA:52,16
DA:53,16
DA:55,16
DA:56,16
DA:57,6
DA:63,6
DA:66,10
DA:73,16
DA:74,16
DA:77,16
LF:29
LH:26
BRDA:20,0,0,0
BRDA:20,0,1,0
BRDA:20,1,0,0
BRDA:20,1,1,0
BRDA:28,2,0,4
BRDA:28,2,1,0
BRDA:28,3,0,4
BRDA:28,3,1,4
BRDA:38,4,0,2
BRDA:38,4,1,0
BRDA:56,5,0,6
BRDA:56,5,1,10
BRDA:84,6,0,16
BRDA:84,6,1,6
BRDA:101,7,0,6
BRDA:101,7,1,10
BRF:16
BRH:10
end_of_record
TN:
SF:src\components\organisms\NewScheduleForm\NewScheduleForm.tsx
FN:12,NewScheduleForm
FNF:1
FNH:1
FNDA:1,NewScheduleForm
DA:15,1
LF:1
LH:1
BRF:0
BRH:0
end_of_record
TN:
SF:src\components\organisms\PostDate\PostDate.tsx
FN:5,PostDate
FN:8,(anonymous_1)
FN:11,(anonymous_2)
FNF:3
FNH:2
FNDA:6,PostDate
FNDA:2,(anonymous_1)
FNDA:0,(anonymous_2)
DA:8,6
DA:9,2
DA:11,2
DA:17,6
LF:4
LH:4
BRF:0
BRH:0
end_of_record
TN:
SF:src\components\organisms\PostPreview\PostPreview.tsx
FN:15,PostPreview
FN:20,(anonymous_1)
FN:31,(anonymous_2)
FN:38,(anonymous_3)
FN:39,(anonymous_4)
FNF:5
FNH:3
FNDA:3,PostPreview
FNDA:3,(anonymous_1)
FNDA:3,(anonymous_2)
FNDA:0,(anonymous_3)
FNDA:0,(anonymous_4)
DA:18,3
DA:20,3
DA:21,3
DA:22,3
DA:23,0
DA:25,0
DA:27,0
DA:31,3
DA:32,3
DA:34,3
DA:39,0
DA:40,0
DA:43,0
DA:44,0
DA:47,0
DA:49,0
LF:16
LH:7
BRDA:23,0,0,0
BRDA:23,0,1,0
BRDA:27,1,0,0
BRDA:27,1,1,0
BRDA:36,2,0,0
BRDA:36,2,1,3
BRDA:36,3,0,3
BRDA:36,3,1,1
BRDA:43,4,0,0
BRDA:43,4,1,0
BRF:10
BRH:3
end_of_record
TN:
SF:src\components\organisms\PostSocialNetwork\PostSocialNetwork.tsx
FN:12,PostSocialNetwork
FN:17,(anonymous_1)
FN:18,(anonymous_2)
FN:24,(anonymous_3)
FN:29,(anonymous_4)
FN:45,(anonymous_5)
FN:48,(anonymous_6)
FN:59,(anonymous_7)
FN:66,(anonymous_8)
FN:72,(anonymous_9)
FNF:10
FNH:3
FNDA:2,PostSocialNetwork
FNDA:0,(anonymous_1)
FNDA:0,(anonymous_2)
FNDA:0,(anonymous_3)
FNDA:0,(anonymous_4)
FNDA:2,(anonymous_5)
FNDA:0,(anonymous_6)
FNDA:2,(anonymous_7)
FNDA:0,(anonymous_8)
FNDA:0,(anonymous_9)
DA:15,2
DA:17,2
DA:18,0
DA:20,0
DA:22,0
DA:24,0
DA:25,0
DA:27,0
DA:28,0
DA:29,0
DA:31,0
DA:33,0
DA:36,0
DA:41,0
DA:45,2
DA:46,2
DA:47,2
DA:48,0
DA:53,0
DA:55,0
DA:59,2
DA:60,2
DA:63,2
DA:67,0
DA:72,0
LF:25
LH:8
BRDA:27,0,0,0
BRDA:27,0,1,0
BRDA:48,1,0,0
BRDA:48,1,1,0
BRDA:55,2,0,0
BRDA:55,2,1,0
BRDA:65,3,0,0
BRDA:65,3,1,2
BRF:8
BRH:1
end_of_record
TN:
SF:src\components\organisms\PostText\PostText.tsx
FN:13,PostText
FN:22,(anonymous_1)
FN:23,(anonymous_2)
FN:26,(anonymous_3)
FN:43,(anonymous_4)
FN:50,(anonymous_5)
FN:53,(anonymous_6)
FN:59,(anonymous_7)
FNF:8
FNH:2
FNDA:4,PostText
FNDA:0,(anonymous_1)
FNDA:0,(anonymous_2)
FNDA:0,(anonymous_3)
FNDA:0,(anonymous_4)
FNDA:1,(anonymous_5)
FNDA:0,(anonymous_6)
FNDA:0,(anonymous_7)
DA:16,4
DA:17,4
DA:19,4
DA:20,4
DA:22,4
DA:23,0
DA:26,4
DA:27,0
DA:28,0
DA:29,0
DA:31,0
DA:32,0
DA:34,0
DA:36,0
DA:39,0
DA:41,0
DA:43,0
DA:50,4
DA:51,1
DA:53,1
DA:59,4
DA:61,4
LF:22
LH:11
BRDA:27,0,0,0
BRDA:27,0,1,0
BRDA:27,1,0,0
BRDA:27,1,1,0
BRDA:31,2,0,0
BRDA:31,2,1,0
BRDA:74,3,0,4
BRDA:74,3,1,0
BRF:8
BRH:1
end_of_record
TN:
SF:src\components\organisms\PostText\utils\PickerGroupNames.ts
FNF:0
FNH:0
DA:1,2
LF:1
LH:1
BRF:0
BRH:0
end_of_record
TN:
SF:src\components\organisms\PostText\utils\PickerStyle.ts
FNF:0
FNH:0
DA:1,2
LF:1
LH:1
BRF:0
BRH:0
end_of_record
TN:
SF:src\components\organisms\SchedulePreviewModal\SchedulePreviewModal.tsx
FN:15,(anonymous_0)
FN:20,(anonymous_1)
FN:31,(anonymous_2)
FN:37,(anonymous_3)
FN:38,(anonymous_4)
FNF:5
FNH:3
FNDA:1,(anonymous_0)
FNDA:1,(anonymous_1)
FNDA:1,(anonymous_2)
FNDA:0,(anonymous_3)
FNDA:0,(anonymous_4)
DA:13,1
DA:18,1
DA:20,1
DA:21,1
DA:22,1
DA:23,0
DA:25,0
DA:27,0
DA:31,1
DA:32,1
DA:34,1
DA:38,0
DA:39,0
DA:42,0
DA:43,0
DA:46,0
DA:48,0
LF:17
LH:8
BRDA:23,0,0,0
BRDA:23,0,1,0
BRDA:27,1,0,0
BRDA:27,1,1,0
BRDA:36,2,0,1
BRDA:36,2,1,1
BRDA:36,2,2,0
BRDA:42,3,0,0
BRDA:42,3,1,0
BRF:9
BRH:2
end_of_record
TN:
SF:src\components\organisms\SchedulesTable\SchedulesTable.tsx
FN:18,SchedulesTable
FN:27,(anonymous_1)
FN:34,(anonymous_2)
FN:35,(anonymous_3)
FN:41,(anonymous_4)
FN:48,(anonymous_5)
FN:59,(anonymous_6)
FN:83,(anonymous_7)
FN:87,(anonymous_8)
FN:88,(anonymous_9)
FN:123,(anonymous_10)
FNF:11
FNH:5
FNDA:4,SchedulesTable
FNDA:4,(anonymous_1)
FNDA:0,(anonymous_2)
FNDA:0,(anonymous_3)
FNDA:0,(anonymous_4)
FNDA:4,(anonymous_5)
FNDA:4,(anonymous_6)
FNDA:4,(anonymous_7)
FNDA:0,(anonymous_8)
FNDA:0,(anonymous_9)
FNDA:0,(anonymous_10)
DA:21,4
DA:24,4
DA:25,4
DA:27,4
DA:28,4
DA:29,4
DA:30,0
DA:32,0
DA:34,0
DA:35,0
DA:37,0
DA:40,0
DA:41,0
DA:44,0
DA:48,4
DA:49,4
DA:50,4
DA:51,0
DA:53,0
DA:55,0
DA:59,4
DA:60,4
DA:61,4
DA:64,4
DA:84,4
DA:88,0
DA:90,0
DA:123,0
LF:28
LH:14
BRDA:30,0,0,0
BRDA:30,0,1,0
BRDA:44,1,0,0
BRDA:44,1,1,0
BRDA:51,2,0,0
BRDA:51,2,1,0
BRDA:55,3,0,0
BRDA:55,3,1,0
BRDA:83,4,0,4
BRDA:83,4,1,4
BRDA:87,5,0,4
BRDA:87,5,1,0
BRDA:100,6,0,4
BRDA:100,6,1,0
BRDA:115,7,0,4
BRDA:115,7,1,4
BRDA:129,8,0,4
BRDA:129,8,1,0
BRF:18
BRH:7
end_of_record
TN:
SF:src\contexts\Post.tsx
FN:11,PostProvider
FN:14,(anonymous_1)
FN:24,(anonymous_2)
FN:25,(anonymous_3)
FN:36,(anonymous_4)
FNF:5
FNH:3
FNDA:73,PostProvider
FNDA:73,(anonymous_1)
FNDA:0,(anonymous_2)
FNDA:0,(anonymous_3)
FNDA:73,(anonymous_4)
DA:9,20
DA:14,73
DA:15,73
DA:17,73
DA:18,0
DA:21,73
DA:24,73
DA:25,0
DA:26,0
DA:28,0
DA:30,0
DA:32,0
DA:36,73
DA:41,73
LF:14
LH:8
BRDA:17,0,0,0
BRDA:17,0,1,73
BRF:2
BRH:1
end_of_record
TN:
SF:src\utils\ensureDateTimePtBr.ts
FN:4,ensureDateTimePtBr
FNF:1
FNH:1
FNDA:8,ensureDateTimePtBr
DA:5,8
DA:7,8
DA:13,8
LF:3
LH:3
BRF:0
BRH:0
end_of_record
TN:
SF:src\utils\ensurePtBrDate.ts
FN:4,ensurePtBrDate
FNF:1
FNH:1
FNDA:11,ensurePtBrDate
DA:5,11
DA:6,11
DA:8,11
DA:14,11
LF:4
LH:4
BRF:0
BRH:0
end_of_record
TN:
SF:src\utils\testUtils.tsx
FN:6,(anonymous_0)
FN:12,(anonymous_1)
FNF:2
FNH:2
FNDA:73,(anonymous_0)
FNDA:73,(anonymous_1)
DA:6,20
DA:7,73
DA:12,20
DA:15,73
LF:4
LH:4
BRF:0
BRH:0
end_of_record
